2020-09-17 13:21:30.782 INFO com.yunmu.uof.test.SoccerMatchTest - Starting SoccerMatchTest on 云木 with PID 40784 (started by Administrator in D:\UOF\test)
2020-09-17 13:21:30.785 INFO com.yunmu.uof.test.SoccerMatchTest - No active profile set, falling back to default profiles: default
2020-09-17 13:21:30.836 INFO org.springframework.web.context.support.GenericWebApplicationContext - Refreshing org.springframework.web.context.support.GenericWebApplicationContext@75e91545: startup date [Thu Sep 17 13:21:30 ICT 2020]; root of context hierarchy
2020-09-17 13:21:31.699 INFO org.springframework.beans.factory.annotation.AutowiredAnnotationBeanPostProcessor - JSR-330 'javax.inject.Inject' annotation found and supported for autowiring
2020-09-17 13:21:31.743 INFO org.springframework.context.support.PostProcessorRegistrationDelegate$BeanPostProcessorChecker - Bean 'org.springframework.amqp.rabbit.annotation.RabbitBootstrapConfiguration' of type [org.springframework.amqp.rabbit.annotation.RabbitBootstrapConfiguration$$EnhancerBySpringCGLIB$$43c065e] is not eligible for getting processed by all BeanPostProcessors (for example: not eligible for auto-proxying)
2020-09-17 13:21:32.299 INFO org.mongodb.driver.cluster - Cluster created with settings {hosts=[192.168.10.3:27017], mode=SINGLE, requiredClusterType=UNKNOWN, serverSelectionTimeout='30000 ms', maxWaitQueueSize=500}
2020-09-17 13:21:32.358 INFO org.mongodb.driver.connection - Opened connection [connectionId{localValue:1, serverValue:1365}] to 192.168.10.3:27017
2020-09-17 13:21:32.363 INFO org.mongodb.driver.cluster - Monitor thread successfully connected to server with description ServerDescription{address=192.168.10.3:27017, type=STANDALONE, state=CONNECTED, ok=true, version=ServerVersion{versionList=[4, 0, 20]}, minWireVersion=0, maxWireVersion=7, maxDocumentSize=16777216, logicalSessionTimeoutMinutes=30, roundTripTimeNanos=3983700}
2020-09-17 13:21:32.810 INFO org.springframework.web.servlet.handler.SimpleUrlHandlerMapping - Mapped URL path [/**/favicon.ico] onto handler of type [class org.springframework.web.servlet.resource.ResourceHttpRequestHandler]
2020-09-17 13:21:33.130 INFO org.springframework.web.servlet.mvc.method.annotation.RequestMappingHandlerAdapter - Looking for @ControllerAdvice: org.springframework.web.context.support.GenericWebApplicationContext@75e91545: startup date [Thu Sep 17 13:21:30 ICT 2020]; root of context hierarchy
2020-09-17 13:21:33.185 INFO org.springframework.web.servlet.mvc.method.annotation.RequestMappingHandlerMapping - Mapped "{[/info],methods=[POST]}" onto public java.lang.String com.yunmu.uof.controller.TicketController.info()
2020-09-17 13:21:33.186 INFO org.springframework.web.servlet.mvc.method.annotation.RequestMappingHandlerMapping - Mapped "{[/mts-gateway/v1/cancel/ticket],methods=[POST]}" onto public com.yunmu.uof.dto.CancelTicketResponse com.yunmu.uof.controller.TicketController.cancelTicket(com.yunmu.uof.dto.CancelTicketRequest)
2020-09-17 13:21:33.186 INFO org.springframework.web.servlet.mvc.method.annotation.RequestMappingHandlerMapping - Mapped "{[/mts-gateway/v1/send/ticket],methods=[POST]}" onto public com.yunmu.uof.dto.SendTicketResponse com.yunmu.uof.controller.TicketController.sendTicket(com.yunmu.uof.dto.SendTicketRequest)
2020-09-17 13:21:33.187 INFO org.springframework.web.servlet.mvc.method.annotation.RequestMappingHandlerMapping - Mapped "{[/aa],methods=[POST]}" onto public int com.yunmu.uof.controller.TicketController.aa()
2020-09-17 13:21:33.187 INFO org.springframework.web.servlet.mvc.method.annotation.RequestMappingHandlerMapping - Mapped "{[/error1],methods=[POST]}" onto public java.lang.String com.yunmu.uof.controller.TicketController.ffgsssss()
2020-09-17 13:21:33.187 INFO org.springframework.web.servlet.mvc.method.annotation.RequestMappingHandlerMapping - Mapped "{[/warn],methods=[POST]}" onto public java.lang.String com.yunmu.uof.controller.TicketController.warn()
2020-09-17 13:21:33.189 INFO org.springframework.web.servlet.mvc.method.annotation.RequestMappingHandlerMapping - Mapped "{[/error]}" onto public org.springframework.http.ResponseEntity<java.util.Map<java.lang.String, java.lang.Object>> org.springframework.boot.autoconfigure.web.servlet.error.BasicErrorController.error(javax.servlet.http.HttpServletRequest)
2020-09-17 13:21:33.190 INFO org.springframework.web.servlet.mvc.method.annotation.RequestMappingHandlerMapping - Mapped "{[/error],produces=[text/html]}" onto public org.springframework.web.servlet.ModelAndView org.springframework.boot.autoconfigure.web.servlet.error.BasicErrorController.errorHtml(javax.servlet.http.HttpServletRequest,javax.servlet.http.HttpServletResponse)
2020-09-17 13:21:33.211 INFO org.springframework.web.servlet.handler.SimpleUrlHandlerMapping - Mapped URL path [/webjars/**] onto handler of type [class org.springframework.web.servlet.resource.ResourceHttpRequestHandler]
2020-09-17 13:21:33.211 INFO org.springframework.web.servlet.handler.SimpleUrlHandlerMapping - Mapped URL path [/**] onto handler of type [class org.springframework.web.servlet.resource.ResourceHttpRequestHandler]
2020-09-17 13:21:33.484 INFO org.springframework.context.support.DefaultLifecycleProcessor - Starting beans in phase 2147483647
2020-09-17 13:21:33.490 INFO com.yunmu.uof.test.SoccerMatchTest - Started SoccerMatchTest in 2.92 seconds (JVM running for 3.944)
2020-09-17 13:31:43.545 INFO com.yunmu.uof.test.SoccerMatchTest - Starting SoccerMatchTest on 云木 with PID 36964 (started by Administrator in D:\UOF\test)
2020-09-17 13:31:43.548 INFO com.yunmu.uof.test.SoccerMatchTest - No active profile set, falling back to default profiles: default
2020-09-17 13:31:43.589 INFO org.springframework.web.context.support.GenericWebApplicationContext - Refreshing org.springframework.web.context.support.GenericWebApplicationContext@75e91545: startup date [Thu Sep 17 13:31:43 ICT 2020]; root of context hierarchy
2020-09-17 13:31:44.492 INFO org.springframework.beans.factory.annotation.AutowiredAnnotationBeanPostProcessor - JSR-330 'javax.inject.Inject' annotation found and supported for autowiring
2020-09-17 13:31:44.553 INFO org.springframework.context.support.PostProcessorRegistrationDelegate$BeanPostProcessorChecker - Bean 'org.springframework.amqp.rabbit.annotation.RabbitBootstrapConfiguration' of type [org.springframework.amqp.rabbit.annotation.RabbitBootstrapConfiguration$$EnhancerBySpringCGLIB$$80b9910c] is not eligible for getting processed by all BeanPostProcessors (for example: not eligible for auto-proxying)
2020-09-17 13:31:45.056 INFO org.mongodb.driver.cluster - Cluster created with settings {hosts=[192.168.10.3:27017], mode=SINGLE, requiredClusterType=UNKNOWN, serverSelectionTimeout='30000 ms', maxWaitQueueSize=500}
2020-09-17 13:31:45.107 INFO org.mongodb.driver.connection - Opened connection [connectionId{localValue:1, serverValue:1381}] to 192.168.10.3:27017
2020-09-17 13:31:45.111 INFO org.mongodb.driver.cluster - Monitor thread successfully connected to server with description ServerDescription{address=192.168.10.3:27017, type=STANDALONE, state=CONNECTED, ok=true, version=ServerVersion{versionList=[4, 0, 20]}, minWireVersion=0, maxWireVersion=7, maxDocumentSize=16777216, logicalSessionTimeoutMinutes=30, roundTripTimeNanos=2534300}
2020-09-17 13:31:45.556 INFO org.springframework.web.servlet.handler.SimpleUrlHandlerMapping - Mapped URL path [/**/favicon.ico] onto handler of type [class org.springframework.web.servlet.resource.ResourceHttpRequestHandler]
2020-09-17 13:31:45.858 INFO org.springframework.web.servlet.mvc.method.annotation.RequestMappingHandlerAdapter - Looking for @ControllerAdvice: org.springframework.web.context.support.GenericWebApplicationContext@75e91545: startup date [Thu Sep 17 13:31:43 ICT 2020]; root of context hierarchy
2020-09-17 13:31:45.910 INFO org.springframework.web.servlet.mvc.method.annotation.RequestMappingHandlerMapping - Mapped "{[/info],methods=[POST]}" onto public java.lang.String com.yunmu.uof.controller.TicketController.info()
2020-09-17 13:31:45.911 INFO org.springframework.web.servlet.mvc.method.annotation.RequestMappingHandlerMapping - Mapped "{[/warn],methods=[POST]}" onto public java.lang.String com.yunmu.uof.controller.TicketController.warn()
2020-09-17 13:31:45.911 INFO org.springframework.web.servlet.mvc.method.annotation.RequestMappingHandlerMapping - Mapped "{[/error1],methods=[POST]}" onto public java.lang.String com.yunmu.uof.controller.TicketController.ffgsssss()
2020-09-17 13:31:45.911 INFO org.springframework.web.servlet.mvc.method.annotation.RequestMappingHandlerMapping - Mapped "{[/aa],methods=[POST]}" onto public int com.yunmu.uof.controller.TicketController.aa()
2020-09-17 13:31:45.912 INFO org.springframework.web.servlet.mvc.method.annotation.RequestMappingHandlerMapping - Mapped "{[/mts-gateway/v1/cancel/ticket],methods=[POST]}" onto public com.yunmu.uof.dto.CancelTicketResponse com.yunmu.uof.controller.TicketController.cancelTicket(com.yunmu.uof.dto.CancelTicketRequest)
2020-09-17 13:31:45.912 INFO org.springframework.web.servlet.mvc.method.annotation.RequestMappingHandlerMapping - Mapped "{[/mts-gateway/v1/send/ticket],methods=[POST]}" onto public com.yunmu.uof.dto.SendTicketResponse com.yunmu.uof.controller.TicketController.sendTicket(com.yunmu.uof.dto.SendTicketRequest)
2020-09-17 13:31:45.914 INFO org.springframework.web.servlet.mvc.method.annotation.RequestMappingHandlerMapping - Mapped "{[/error]}" onto public org.springframework.http.ResponseEntity<java.util.Map<java.lang.String, java.lang.Object>> org.springframework.boot.autoconfigure.web.servlet.error.BasicErrorController.error(javax.servlet.http.HttpServletRequest)
2020-09-17 13:31:45.914 INFO org.springframework.web.servlet.mvc.method.annotation.RequestMappingHandlerMapping - Mapped "{[/error],produces=[text/html]}" onto public org.springframework.web.servlet.ModelAndView org.springframework.boot.autoconfigure.web.servlet.error.BasicErrorController.errorHtml(javax.servlet.http.HttpServletRequest,javax.servlet.http.HttpServletResponse)
2020-09-17 13:31:45.934 INFO org.springframework.web.servlet.handler.SimpleUrlHandlerMapping - Mapped URL path [/webjars/**] onto handler of type [class org.springframework.web.servlet.resource.ResourceHttpRequestHandler]
2020-09-17 13:31:45.935 INFO org.springframework.web.servlet.handler.SimpleUrlHandlerMapping - Mapped URL path [/**] onto handler of type [class org.springframework.web.servlet.resource.ResourceHttpRequestHandler]
2020-09-17 13:31:46.196 INFO org.springframework.context.support.DefaultLifecycleProcessor - Starting beans in phase 2147483647
2020-09-17 13:31:46.202 INFO com.yunmu.uof.test.SoccerMatchTest - Started SoccerMatchTest in 2.955 seconds (JVM running for 3.833)
2020-09-17 13:40:20.638 INFO com.yunmu.uof.test.SoccerMatchTest - Starting SoccerMatchTest on 云木 with PID 38844 (started by Administrator in D:\UOF\test)
2020-09-17 13:40:20.642 INFO com.yunmu.uof.test.SoccerMatchTest - No active profile set, falling back to default profiles: default
2020-09-17 13:40:20.676 INFO org.springframework.web.context.support.GenericWebApplicationContext - Refreshing org.springframework.web.context.support.GenericWebApplicationContext@75e91545: startup date [Thu Sep 17 13:40:20 ICT 2020]; root of context hierarchy
2020-09-17 13:40:21.545 INFO org.springframework.beans.factory.annotation.AutowiredAnnotationBeanPostProcessor - JSR-330 'javax.inject.Inject' annotation found and supported for autowiring
2020-09-17 13:40:21.597 INFO org.springframework.context.support.PostProcessorRegistrationDelegate$BeanPostProcessorChecker - Bean 'org.springframework.amqp.rabbit.annotation.RabbitBootstrapConfiguration' of type [org.springframework.amqp.rabbit.annotation.RabbitBootstrapConfiguration$$EnhancerBySpringCGLIB$$e6dc1839] is not eligible for getting processed by all BeanPostProcessors (for example: not eligible for auto-proxying)
2020-09-17 13:40:22.108 INFO org.mongodb.driver.cluster - Cluster created with settings {hosts=[192.168.10.3:27017], mode=SINGLE, requiredClusterType=UNKNOWN, serverSelectionTimeout='30000 ms', maxWaitQueueSize=500}
2020-09-17 13:40:22.165 INFO org.mongodb.driver.connection - Opened connection [connectionId{localValue:1, serverValue:1391}] to 192.168.10.3:27017
2020-09-17 13:40:22.170 INFO org.mongodb.driver.cluster - Monitor thread successfully connected to server with description ServerDescription{address=192.168.10.3:27017, type=STANDALONE, state=CONNECTED, ok=true, version=ServerVersion{versionList=[4, 0, 20]}, minWireVersion=0, maxWireVersion=7, maxDocumentSize=16777216, logicalSessionTimeoutMinutes=30, roundTripTimeNanos=2995900}
2020-09-17 13:40:22.596 INFO org.springframework.web.servlet.handler.SimpleUrlHandlerMapping - Mapped URL path [/**/favicon.ico] onto handler of type [class org.springframework.web.servlet.resource.ResourceHttpRequestHandler]
2020-09-17 13:40:22.898 INFO org.springframework.web.servlet.mvc.method.annotation.RequestMappingHandlerAdapter - Looking for @ControllerAdvice: org.springframework.web.context.support.GenericWebApplicationContext@75e91545: startup date [Thu Sep 17 13:40:20 ICT 2020]; root of context hierarchy
2020-09-17 13:40:22.954 INFO org.springframework.web.servlet.mvc.method.annotation.RequestMappingHandlerMapping - Mapped "{[/info],methods=[POST]}" onto public java.lang.String com.yunmu.uof.controller.TicketController.info()
2020-09-17 13:40:22.955 INFO org.springframework.web.servlet.mvc.method.annotation.RequestMappingHandlerMapping - Mapped "{[/warn],methods=[POST]}" onto public java.lang.String com.yunmu.uof.controller.TicketController.warn()
2020-09-17 13:40:22.956 INFO org.springframework.web.servlet.mvc.method.annotation.RequestMappingHandlerMapping - Mapped "{[/mts-gateway/v1/cancel/ticket],methods=[POST]}" onto public com.yunmu.uof.dto.CancelTicketResponse com.yunmu.uof.controller.TicketController.cancelTicket(com.yunmu.uof.dto.CancelTicketRequest)
2020-09-17 13:40:22.956 INFO org.springframework.web.servlet.mvc.method.annotation.RequestMappingHandlerMapping - Mapped "{[/mts-gateway/v1/send/ticket],methods=[POST]}" onto public com.yunmu.uof.dto.SendTicketResponse com.yunmu.uof.controller.TicketController.sendTicket(com.yunmu.uof.dto.SendTicketRequest)
2020-09-17 13:40:22.956 INFO org.springframework.web.servlet.mvc.method.annotation.RequestMappingHandlerMapping - Mapped "{[/aa],methods=[POST]}" onto public int com.yunmu.uof.controller.TicketController.aa()
2020-09-17 13:40:22.956 INFO org.springframework.web.servlet.mvc.method.annotation.RequestMappingHandlerMapping - Mapped "{[/error1],methods=[POST]}" onto public java.lang.String com.yunmu.uof.controller.TicketController.ffgsssss()
2020-09-17 13:40:22.958 INFO org.springframework.web.servlet.mvc.method.annotation.RequestMappingHandlerMapping - Mapped "{[/error]}" onto public org.springframework.http.ResponseEntity<java.util.Map<java.lang.String, java.lang.Object>> org.springframework.boot.autoconfigure.web.servlet.error.BasicErrorController.error(javax.servlet.http.HttpServletRequest)
2020-09-17 13:40:22.958 INFO org.springframework.web.servlet.mvc.method.annotation.RequestMappingHandlerMapping - Mapped "{[/error],produces=[text/html]}" onto public org.springframework.web.servlet.ModelAndView org.springframework.boot.autoconfigure.web.servlet.error.BasicErrorController.errorHtml(javax.servlet.http.HttpServletRequest,javax.servlet.http.HttpServletResponse)
2020-09-17 13:40:22.978 INFO org.springframework.web.servlet.handler.SimpleUrlHandlerMapping - Mapped URL path [/webjars/**] onto handler of type [class org.springframework.web.servlet.resource.ResourceHttpRequestHandler]
2020-09-17 13:40:22.978 INFO org.springframework.web.servlet.handler.SimpleUrlHandlerMapping - Mapped URL path [/**] onto handler of type [class org.springframework.web.servlet.resource.ResourceHttpRequestHandler]
2020-09-17 13:40:23.243 INFO org.springframework.context.support.DefaultLifecycleProcessor - Starting beans in phase 2147483647
2020-09-17 13:40:23.249 INFO com.yunmu.uof.test.SoccerMatchTest - Started SoccerMatchTest in 2.906 seconds (JVM running for 3.794)
2020-09-17 13:56:08.099 INFO com.yunmu.uof.test.SoccerMatchTest - Starting SoccerMatchTest on 云木 with PID 40744 (started by Administrator in D:\UOF\test)
2020-09-17 13:56:08.101 INFO com.yunmu.uof.test.SoccerMatchTest - No active profile set, falling back to default profiles: default
2020-09-17 13:56:08.145 INFO org.springframework.web.context.support.GenericWebApplicationContext - Refreshing org.springframework.web.context.support.GenericWebApplicationContext@75e91545: startup date [Thu Sep 17 13:56:08 ICT 2020]; root of context hierarchy
2020-09-17 13:56:08.962 INFO org.springframework.beans.factory.annotation.AutowiredAnnotationBeanPostProcessor - JSR-330 'javax.inject.Inject' annotation found and supported for autowiring
2020-09-17 13:56:09.006 INFO org.springframework.context.support.PostProcessorRegistrationDelegate$BeanPostProcessorChecker - Bean 'org.springframework.amqp.rabbit.annotation.RabbitBootstrapConfiguration' of type [org.springframework.amqp.rabbit.annotation.RabbitBootstrapConfiguration$$EnhancerBySpringCGLIB$$2e196051] is not eligible for getting processed by all BeanPostProcessors (for example: not eligible for auto-proxying)
2020-09-17 13:56:09.510 INFO org.mongodb.driver.cluster - Cluster created with settings {hosts=[192.168.10.3:27017], mode=SINGLE, requiredClusterType=UNKNOWN, serverSelectionTimeout='30000 ms', maxWaitQueueSize=500}
2020-09-17 13:56:09.562 INFO org.mongodb.driver.connection - Opened connection [connectionId{localValue:1, serverValue:1409}] to 192.168.10.3:27017
2020-09-17 13:56:09.565 INFO org.mongodb.driver.cluster - Monitor thread successfully connected to server with description ServerDescription{address=192.168.10.3:27017, type=STANDALONE, state=CONNECTED, ok=true, version=ServerVersion{versionList=[4, 0, 20]}, minWireVersion=0, maxWireVersion=7, maxDocumentSize=16777216, logicalSessionTimeoutMinutes=30, roundTripTimeNanos=2483500}
2020-09-17 13:56:10.011 INFO org.springframework.web.servlet.handler.SimpleUrlHandlerMapping - Mapped URL path [/**/favicon.ico] onto handler of type [class org.springframework.web.servlet.resource.ResourceHttpRequestHandler]
2020-09-17 13:56:10.320 INFO org.springframework.web.servlet.mvc.method.annotation.RequestMappingHandlerAdapter - Looking for @ControllerAdvice: org.springframework.web.context.support.GenericWebApplicationContext@75e91545: startup date [Thu Sep 17 13:56:08 ICT 2020]; root of context hierarchy
2020-09-17 13:56:10.379 INFO org.springframework.web.servlet.mvc.method.annotation.RequestMappingHandlerMapping - Mapped "{[/info],methods=[POST]}" onto public java.lang.String com.yunmu.uof.controller.TicketController.info()
2020-09-17 13:56:10.380 INFO org.springframework.web.servlet.mvc.method.annotation.RequestMappingHandlerMapping - Mapped "{[/warn],methods=[POST]}" onto public java.lang.String com.yunmu.uof.controller.TicketController.warn()
2020-09-17 13:56:10.380 INFO org.springframework.web.servlet.mvc.method.annotation.RequestMappingHandlerMapping - Mapped "{[/mts-gateway/v1/cancel/ticket],methods=[POST]}" onto public com.yunmu.uof.dto.CancelTicketResponse com.yunmu.uof.controller.TicketController.cancelTicket(com.yunmu.uof.dto.CancelTicketRequest)
2020-09-17 13:56:10.381 INFO org.springframework.web.servlet.mvc.method.annotation.RequestMappingHandlerMapping - Mapped "{[/mts-gateway/v1/send/ticket],methods=[POST]}" onto public com.yunmu.uof.dto.SendTicketResponse com.yunmu.uof.controller.TicketController.sendTicket(com.yunmu.uof.dto.SendTicketRequest)
2020-09-17 13:56:10.381 INFO org.springframework.web.servlet.mvc.method.annotation.RequestMappingHandlerMapping - Mapped "{[/aa],methods=[POST]}" onto public int com.yunmu.uof.controller.TicketController.aa()
2020-09-17 13:56:10.381 INFO org.springframework.web.servlet.mvc.method.annotation.RequestMappingHandlerMapping - Mapped "{[/error1],methods=[POST]}" onto public java.lang.String com.yunmu.uof.controller.TicketController.ffgsssss()
2020-09-17 13:56:10.383 INFO org.springframework.web.servlet.mvc.method.annotation.RequestMappingHandlerMapping - Mapped "{[/error]}" onto public org.springframework.http.ResponseEntity<java.util.Map<java.lang.String, java.lang.Object>> org.springframework.boot.autoconfigure.web.servlet.error.BasicErrorController.error(javax.servlet.http.HttpServletRequest)
2020-09-17 13:56:10.384 INFO org.springframework.web.servlet.mvc.method.annotation.RequestMappingHandlerMapping - Mapped "{[/error],produces=[text/html]}" onto public org.springframework.web.servlet.ModelAndView org.springframework.boot.autoconfigure.web.servlet.error.BasicErrorController.errorHtml(javax.servlet.http.HttpServletRequest,javax.servlet.http.HttpServletResponse)
2020-09-17 13:56:10.403 INFO org.springframework.web.servlet.handler.SimpleUrlHandlerMapping - Mapped URL path [/webjars/**] onto handler of type [class org.springframework.web.servlet.resource.ResourceHttpRequestHandler]
2020-09-17 13:56:10.403 INFO org.springframework.web.servlet.handler.SimpleUrlHandlerMapping - Mapped URL path [/**] onto handler of type [class org.springframework.web.servlet.resource.ResourceHttpRequestHandler]
2020-09-17 13:56:10.690 INFO org.springframework.context.support.DefaultLifecycleProcessor - Starting beans in phase 2147483647
2020-09-17 13:56:10.696 INFO com.yunmu.uof.test.SoccerMatchTest - Started SoccerMatchTest in 2.788 seconds (JVM running for 3.667)
2020-09-17 13:56:13.541 INFO org.mongodb.driver.connection - Opened connection [connectionId{localValue:2, serverValue:1410}] to 192.168.10.3:27017
2020-09-17 13:56:13.592 INFO org.mongodb.driver.connection - Closed connection [connectionId{localValue:2, serverValue:1410}] to 192.168.10.3:27017 because the pool has been closed.
2020-09-17 14:44:47.446 INFO com.yunmu.uof.test.SoccerMatchTest - Starting SoccerMatchTest on 云木 with PID 39788 (started by Administrator in D:\UOF\test)
2020-09-17 14:44:47.449 INFO com.yunmu.uof.test.SoccerMatchTest - No active profile set, falling back to default profiles: default
2020-09-17 14:44:47.494 INFO org.springframework.web.context.support.GenericWebApplicationContext - Refreshing org.springframework.web.context.support.GenericWebApplicationContext@75e91545: startup date [Thu Sep 17 14:44:47 ICT 2020]; root of context hierarchy
2020-09-17 14:44:48.350 INFO org.springframework.beans.factory.annotation.AutowiredAnnotationBeanPostProcessor - JSR-330 'javax.inject.Inject' annotation found and supported for autowiring
2020-09-17 14:44:48.395 INFO org.springframework.context.support.PostProcessorRegistrationDelegate$BeanPostProcessorChecker - Bean 'org.springframework.amqp.rabbit.annotation.RabbitBootstrapConfiguration' of type [org.springframework.amqp.rabbit.annotation.RabbitBootstrapConfiguration$$EnhancerBySpringCGLIB$$84f6c157] is not eligible for getting processed by all BeanPostProcessors (for example: not eligible for auto-proxying)
2020-09-17 14:44:48.925 INFO org.mongodb.driver.cluster - Cluster created with settings {hosts=[192.168.10.3:27017], mode=SINGLE, requiredClusterType=UNKNOWN, serverSelectionTimeout='30000 ms', maxWaitQueueSize=500}
2020-09-17 14:44:48.982 INFO org.mongodb.driver.connection - Opened connection [connectionId{localValue:1, serverValue:1428}] to 192.168.10.3:27017
2020-09-17 14:44:48.986 INFO org.mongodb.driver.cluster - Monitor thread successfully connected to server with description ServerDescription{address=192.168.10.3:27017, type=STANDALONE, state=CONNECTED, ok=true, version=ServerVersion{versionList=[4, 0, 20]}, minWireVersion=0, maxWireVersion=7, maxDocumentSize=16777216, logicalSessionTimeoutMinutes=30, roundTripTimeNanos=3100200}
2020-09-17 14:44:49.423 INFO org.springframework.web.servlet.handler.SimpleUrlHandlerMapping - Mapped URL path [/**/favicon.ico] onto handler of type [class org.springframework.web.servlet.resource.ResourceHttpRequestHandler]
2020-09-17 14:44:49.740 INFO org.springframework.web.servlet.mvc.method.annotation.RequestMappingHandlerAdapter - Looking for @ControllerAdvice: org.springframework.web.context.support.GenericWebApplicationContext@75e91545: startup date [Thu Sep 17 14:44:47 ICT 2020]; root of context hierarchy
2020-09-17 14:44:49.794 INFO org.springframework.web.servlet.mvc.method.annotation.RequestMappingHandlerMapping - Mapped "{[/info],methods=[POST]}" onto public java.lang.String com.yunmu.uof.controller.TicketController.info()
2020-09-17 14:44:49.795 INFO org.springframework.web.servlet.mvc.method.annotation.RequestMappingHandlerMapping - Mapped "{[/warn],methods=[POST]}" onto public java.lang.String com.yunmu.uof.controller.TicketController.warn()
2020-09-17 14:44:49.796 INFO org.springframework.web.servlet.mvc.method.annotation.RequestMappingHandlerMapping - Mapped "{[/mts-gateway/v1/send/ticket],methods=[POST]}" onto public com.yunmu.uof.dto.SendTicketResponse com.yunmu.uof.controller.TicketController.sendTicket(com.yunmu.uof.dto.SendTicketRequest)
2020-09-17 14:44:49.796 INFO org.springframework.web.servlet.mvc.method.annotation.RequestMappingHandlerMapping - Mapped "{[/mts-gateway/v1/cancel/ticket],methods=[POST]}" onto public com.yunmu.uof.dto.CancelTicketResponse com.yunmu.uof.controller.TicketController.cancelTicket(com.yunmu.uof.dto.CancelTicketRequest)
2020-09-17 14:44:49.797 INFO org.springframework.web.servlet.mvc.method.annotation.RequestMappingHandlerMapping - Mapped "{[/error1],methods=[POST]}" onto public java.lang.String com.yunmu.uof.controller.TicketController.ffgsssss()
2020-09-17 14:44:49.797 INFO org.springframework.web.servlet.mvc.method.annotation.RequestMappingHandlerMapping - Mapped "{[/aa],methods=[POST]}" onto public int com.yunmu.uof.controller.TicketController.aa()
2020-09-17 14:44:49.799 INFO org.springframework.web.servlet.mvc.method.annotation.RequestMappingHandlerMapping - Mapped "{[/error]}" onto public org.springframework.http.ResponseEntity<java.util.Map<java.lang.String, java.lang.Object>> org.springframework.boot.autoconfigure.web.servlet.error.BasicErrorController.error(javax.servlet.http.HttpServletRequest)
2020-09-17 14:44:49.799 INFO org.springframework.web.servlet.mvc.method.annotation.RequestMappingHandlerMapping - Mapped "{[/error],produces=[text/html]}" onto public org.springframework.web.servlet.ModelAndView org.springframework.boot.autoconfigure.web.servlet.error.BasicErrorController.errorHtml(javax.servlet.http.HttpServletRequest,javax.servlet.http.HttpServletResponse)
2020-09-17 14:44:49.821 INFO org.springframework.web.servlet.handler.SimpleUrlHandlerMapping - Mapped URL path [/webjars/**] onto handler of type [class org.springframework.web.servlet.resource.ResourceHttpRequestHandler]
2020-09-17 14:44:49.821 INFO org.springframework.web.servlet.handler.SimpleUrlHandlerMapping - Mapped URL path [/**] onto handler of type [class org.springframework.web.servlet.resource.ResourceHttpRequestHandler]
2020-09-17 14:44:50.093 INFO org.springframework.context.support.DefaultLifecycleProcessor - Starting beans in phase 2147483647
2020-09-17 14:44:50.099 INFO com.yunmu.uof.test.SoccerMatchTest - Started SoccerMatchTest in 2.865 seconds (JVM running for 3.792)
2020-09-17 14:46:45.412 INFO com.yunmu.uof.test.SoccerMatchTest - Starting SoccerMatchTest on 云木 with PID 39608 (started by Administrator in D:\UOF\test)
2020-09-17 14:46:45.415 INFO com.yunmu.uof.test.SoccerMatchTest - No active profile set, falling back to default profiles: default
2020-09-17 14:46:45.460 INFO org.springframework.web.context.support.GenericWebApplicationContext - Refreshing org.springframework.web.context.support.GenericWebApplicationContext@60d1a32f: startup date [Thu Sep 17 14:46:45 ICT 2020]; root of context hierarchy
2020-09-17 14:46:46.261 INFO org.springframework.beans.factory.annotation.AutowiredAnnotationBeanPostProcessor - JSR-330 'javax.inject.Inject' annotation found and supported for autowiring
2020-09-17 14:46:46.305 INFO org.springframework.context.support.PostProcessorRegistrationDelegate$BeanPostProcessorChecker - Bean 'org.springframework.amqp.rabbit.annotation.RabbitBootstrapConfiguration' of type [org.springframework.amqp.rabbit.annotation.RabbitBootstrapConfiguration$$EnhancerBySpringCGLIB$$fc3cd637] is not eligible for getting processed by all BeanPostProcessors (for example: not eligible for auto-proxying)
2020-09-17 14:46:46.820 INFO org.mongodb.driver.cluster - Cluster created with settings {hosts=[192.168.10.3:27017], mode=SINGLE, requiredClusterType=UNKNOWN, serverSelectionTimeout='30000 ms', maxWaitQueueSize=500}
2020-09-17 14:46:46.872 INFO org.mongodb.driver.connection - Opened connection [connectionId{localValue:1, serverValue:1434}] to 192.168.10.3:27017
2020-09-17 14:46:46.876 INFO org.mongodb.driver.cluster - Monitor thread successfully connected to server with description ServerDescription{address=192.168.10.3:27017, type=STANDALONE, state=CONNECTED, ok=true, version=ServerVersion{versionList=[4, 0, 20]}, minWireVersion=0, maxWireVersion=7, maxDocumentSize=16777216, logicalSessionTimeoutMinutes=30, roundTripTimeNanos=2933700}
2020-09-17 14:46:47.301 INFO org.springframework.web.servlet.handler.SimpleUrlHandlerMapping - Mapped URL path [/**/favicon.ico] onto handler of type [class org.springframework.web.servlet.resource.ResourceHttpRequestHandler]
2020-09-17 14:46:47.607 INFO org.springframework.web.servlet.mvc.method.annotation.RequestMappingHandlerAdapter - Looking for @ControllerAdvice: org.springframework.web.context.support.GenericWebApplicationContext@60d1a32f: startup date [Thu Sep 17 14:46:45 ICT 2020]; root of context hierarchy
2020-09-17 14:46:47.668 INFO org.springframework.web.servlet.mvc.method.annotation.RequestMappingHandlerMapping - Mapped "{[/info],methods=[POST]}" onto public java.lang.String com.yunmu.uof.controller.TicketController.info()
2020-09-17 14:46:47.670 INFO org.springframework.web.servlet.mvc.method.annotation.RequestMappingHandlerMapping - Mapped "{[/warn],methods=[POST]}" onto public java.lang.String com.yunmu.uof.controller.TicketController.warn()
2020-09-17 14:46:47.671 INFO org.springframework.web.servlet.mvc.method.annotation.RequestMappingHandlerMapping - Mapped "{[/mts-gateway/v1/send/ticket],methods=[POST]}" onto public com.yunmu.uof.dto.SendTicketResponse com.yunmu.uof.controller.TicketController.sendTicket(com.yunmu.uof.dto.SendTicketRequest)
2020-09-17 14:46:47.671 INFO org.springframework.web.servlet.mvc.method.annotation.RequestMappingHandlerMapping - Mapped "{[/mts-gateway/v1/cancel/ticket],methods=[POST]}" onto public com.yunmu.uof.dto.CancelTicketResponse com.yunmu.uof.controller.TicketController.cancelTicket(com.yunmu.uof.dto.CancelTicketRequest)
2020-09-17 14:46:47.671 INFO org.springframework.web.servlet.mvc.method.annotation.RequestMappingHandlerMapping - Mapped "{[/aa],methods=[POST]}" onto public int com.yunmu.uof.controller.TicketController.aa()
2020-09-17 14:46:47.672 INFO org.springframework.web.servlet.mvc.method.annotation.RequestMappingHandlerMapping - Mapped "{[/error1],methods=[POST]}" onto public java.lang.String com.yunmu.uof.controller.TicketController.ffgsssss()
2020-09-17 14:46:47.673 INFO org.springframework.web.servlet.mvc.method.annotation.RequestMappingHandlerMapping - Mapped "{[/error]}" onto public org.springframework.http.ResponseEntity<java.util.Map<java.lang.String, java.lang.Object>> org.springframework.boot.autoconfigure.web.servlet.error.BasicErrorController.error(javax.servlet.http.HttpServletRequest)
2020-09-17 14:46:47.674 INFO org.springframework.web.servlet.mvc.method.annotation.RequestMappingHandlerMapping - Mapped "{[/error],produces=[text/html]}" onto public org.springframework.web.servlet.ModelAndView org.springframework.boot.autoconfigure.web.servlet.error.BasicErrorController.errorHtml(javax.servlet.http.HttpServletRequest,javax.servlet.http.HttpServletResponse)
2020-09-17 14:46:47.698 INFO org.springframework.web.servlet.handler.SimpleUrlHandlerMapping - Mapped URL path [/webjars/**] onto handler of type [class org.springframework.web.servlet.resource.ResourceHttpRequestHandler]
2020-09-17 14:46:47.698 INFO org.springframework.web.servlet.handler.SimpleUrlHandlerMapping - Mapped URL path [/**] onto handler of type [class org.springframework.web.servlet.resource.ResourceHttpRequestHandler]
2020-09-17 14:46:47.974 INFO org.springframework.context.support.DefaultLifecycleProcessor - Starting beans in phase 2147483647
2020-09-17 14:46:47.981 INFO com.yunmu.uof.test.SoccerMatchTest - Started SoccerMatchTest in 2.778 seconds (JVM running for 3.695)
2020-09-17 14:46:50.358 INFO org.mongodb.driver.connection - Opened connection [connectionId{localValue:2, serverValue:1435}] to 192.168.10.3:27017
2020-09-17 14:46:50.374 INFO org.springframework.web.context.support.GenericWebApplicationContext - Closing org.springframework.web.context.support.GenericWebApplicationContext@60d1a32f: startup date [Thu Sep 17 14:46:45 ICT 2020]; root of context hierarchy
2020-09-17 14:46:50.384 INFO org.mongodb.driver.connection - Closed connection [connectionId{localValue:2, serverValue:1435}] to 192.168.10.3:27017 because the pool has been closed.
2020-09-17 15:19:45.353 INFO com.yunmu.uof.test.SoccerMatchTest - Starting SoccerMatchTest on 云木 with PID 40860 (started by Administrator in D:\UOF\test)
2020-09-17 15:19:45.356 INFO com.yunmu.uof.test.SoccerMatchTest - No active profile set, falling back to default profiles: default
2020-09-17 15:19:45.398 INFO org.springframework.web.context.support.GenericWebApplicationContext - Refreshing org.springframework.web.context.support.GenericWebApplicationContext@75e91545: startup date [Thu Sep 17 15:19:45 ICT 2020]; root of context hierarchy
2020-09-17 15:19:46.268 INFO org.springframework.beans.factory.annotation.AutowiredAnnotationBeanPostProcessor - JSR-330 'javax.inject.Inject' annotation found and supported for autowiring
2020-09-17 15:19:46.315 INFO org.springframework.context.support.PostProcessorRegistrationDelegate$BeanPostProcessorChecker - Bean 'org.springframework.amqp.rabbit.annotation.RabbitBootstrapConfiguration' of type [org.springframework.amqp.rabbit.annotation.RabbitBootstrapConfiguration$$EnhancerBySpringCGLIB$$5ba4aae4] is not eligible for getting processed by all BeanPostProcessors (for example: not eligible for auto-proxying)
2020-09-17 15:19:46.863 INFO org.mongodb.driver.cluster - Cluster created with settings {hosts=[192.168.10.3:27017], mode=SINGLE, requiredClusterType=UNKNOWN, serverSelectionTimeout='30000 ms', maxWaitQueueSize=500}
2020-09-17 15:19:46.933 INFO org.mongodb.driver.connection - Opened connection [connectionId{localValue:1, serverValue:1477}] to 192.168.10.3:27017
2020-09-17 15:19:46.944 INFO org.mongodb.driver.cluster - Monitor thread successfully connected to server with description ServerDescription{address=192.168.10.3:27017, type=STANDALONE, state=CONNECTED, ok=true, version=ServerVersion{versionList=[4, 0, 20]}, minWireVersion=0, maxWireVersion=7, maxDocumentSize=16777216, logicalSessionTimeoutMinutes=30, roundTripTimeNanos=9459600}
2020-09-17 15:19:47.358 INFO org.springframework.web.servlet.handler.SimpleUrlHandlerMapping - Mapped URL path [/**/favicon.ico] onto handler of type [class org.springframework.web.servlet.resource.ResourceHttpRequestHandler]
2020-09-17 15:19:47.679 INFO org.springframework.web.servlet.mvc.method.annotation.RequestMappingHandlerAdapter - Looking for @ControllerAdvice: org.springframework.web.context.support.GenericWebApplicationContext@75e91545: startup date [Thu Sep 17 15:19:45 ICT 2020]; root of context hierarchy
2020-09-17 15:19:47.734 INFO org.springframework.web.servlet.mvc.method.annotation.RequestMappingHandlerMapping - Mapped "{[/info],methods=[POST]}" onto public java.lang.String com.yunmu.uof.controller.TicketController.info()
2020-09-17 15:19:47.735 INFO org.springframework.web.servlet.mvc.method.annotation.RequestMappingHandlerMapping - Mapped "{[/warn],methods=[POST]}" onto public java.lang.String com.yunmu.uof.controller.TicketController.warn()
2020-09-17 15:19:47.736 INFO org.springframework.web.servlet.mvc.method.annotation.RequestMappingHandlerMapping - Mapped "{[/mts-gateway/v1/cancel/ticket],methods=[POST]}" onto public com.yunmu.uof.dto.CancelTicketResponse com.yunmu.uof.controller.TicketController.cancelTicket(com.yunmu.uof.dto.CancelTicketRequest)
2020-09-17 15:19:47.736 INFO org.springframework.web.servlet.mvc.method.annotation.RequestMappingHandlerMapping - Mapped "{[/mts-gateway/v1/send/ticket],methods=[POST]}" onto public com.yunmu.uof.dto.SendTicketResponse com.yunmu.uof.controller.TicketController.sendTicket(com.yunmu.uof.dto.SendTicketRequest)
2020-09-17 15:19:47.736 INFO org.springframework.web.servlet.mvc.method.annotation.RequestMappingHandlerMapping - Mapped "{[/aa],methods=[POST]}" onto public int com.yunmu.uof.controller.TicketController.aa()
2020-09-17 15:19:47.736 INFO org.springframework.web.servlet.mvc.method.annotation.RequestMappingHandlerMapping - Mapped "{[/error1],methods=[POST]}" onto public java.lang.String com.yunmu.uof.controller.TicketController.ffgsssss()
2020-09-17 15:19:47.738 INFO org.springframework.web.servlet.mvc.method.annotation.RequestMappingHandlerMapping - Mapped "{[/error]}" onto public org.springframework.http.ResponseEntity<java.util.Map<java.lang.String, java.lang.Object>> org.springframework.boot.autoconfigure.web.servlet.error.BasicErrorController.error(javax.servlet.http.HttpServletRequest)
2020-09-17 15:19:47.739 INFO org.springframework.web.servlet.mvc.method.annotation.RequestMappingHandlerMapping - Mapped "{[/error],produces=[text/html]}" onto public org.springframework.web.servlet.ModelAndView org.springframework.boot.autoconfigure.web.servlet.error.BasicErrorController.errorHtml(javax.servlet.http.HttpServletRequest,javax.servlet.http.HttpServletResponse)
2020-09-17 15:19:47.759 INFO org.springframework.web.servlet.handler.SimpleUrlHandlerMapping - Mapped URL path [/webjars/**] onto handler of type [class org.springframework.web.servlet.resource.ResourceHttpRequestHandler]
2020-09-17 15:19:47.759 INFO org.springframework.web.servlet.handler.SimpleUrlHandlerMapping - Mapped URL path [/**] onto handler of type [class org.springframework.web.servlet.resource.ResourceHttpRequestHandler]
2020-09-17 15:19:48.033 INFO org.springframework.context.support.DefaultLifecycleProcessor - Starting beans in phase 2147483647
2020-09-17 15:19:48.040 INFO com.yunmu.uof.test.SoccerMatchTest - Started SoccerMatchTest in 2.938 seconds (JVM running for 3.834)
2020-09-17 15:19:50.424 INFO org.mongodb.driver.connection - Opened connection [connectionId{localValue:2, serverValue:1478}] to 192.168.10.3:27017
2020-09-17 15:19:50.440 INFO org.springframework.web.context.support.GenericWebApplicationContext - Closing org.springframework.web.context.support.GenericWebApplicationContext@75e91545: startup date [Thu Sep 17 15:19:45 ICT 2020]; root of context hierarchy
2020-09-17 15:19:50.449 INFO org.mongodb.driver.connection - Closed connection [connectionId{localValue:2, serverValue:1478}] to 192.168.10.3:27017 because the pool has been closed.
