2020-10-15 18:35:23.979 INFO com.yunmu.uof.test.SoccerMatchTest - Starting SoccerMatchTest on 云木 with PID 4624 (started by Administrator in D:\UOF\test)
2020-10-15 18:35:23.980 INFO com.yunmu.uof.test.SoccerMatchTest - No active profile set, falling back to default profiles: default
2020-10-15 18:35:24.022 INFO org.springframework.web.context.support.GenericWebApplicationContext - Refreshing org.springframework.web.context.support.GenericWebApplicationContext@5b1669c0: startup date [Thu Oct 15 18:35:24 ICT 2020]; root of context hierarchy
2020-10-15 18:35:24.892 INFO org.springframework.beans.factory.annotation.AutowiredAnnotationBeanPostProcessor - JSR-330 'javax.inject.Inject' annotation found and supported for autowiring
2020-10-15 18:35:24.931 INFO org.springframework.context.support.PostProcessorRegistrationDelegate$BeanPostProcessorChecker - Bean 'org.springframework.amqp.rabbit.annotation.RabbitBootstrapConfiguration' of type [org.springframework.amqp.rabbit.annotation.RabbitBootstrapConfiguration$$EnhancerBySpringCGLIB$$de7fa6b4] is not eligible for getting processed by all BeanPostProcessors (for example: not eligible for auto-proxying)
2020-10-15 18:35:25.424 INFO org.mongodb.driver.cluster - Cluster created with settings {hosts=[192.168.10.3:27017], mode=SINGLE, requiredClusterType=UNKNOWN, serverSelectionTimeout='30000 ms', maxWaitQueueSize=500}
2020-10-15 18:35:25.505 INFO org.mongodb.driver.connection - Opened connection [connectionId{localValue:1, serverValue:354}] to 192.168.10.3:27017
2020-10-15 18:35:25.509 INFO org.mongodb.driver.cluster - Monitor thread successfully connected to server with description ServerDescription{address=192.168.10.3:27017, type=STANDALONE, state=CONNECTED, ok=true, version=ServerVersion{versionList=[4, 0, 20]}, minWireVersion=0, maxWireVersion=7, maxDocumentSize=16777216, logicalSessionTimeoutMinutes=30, roundTripTimeNanos=2799300}
2020-10-15 18:35:25.904 INFO org.springframework.web.servlet.handler.SimpleUrlHandlerMapping - Mapped URL path [/**/favicon.ico] onto handler of type [class org.springframework.web.servlet.resource.ResourceHttpRequestHandler]
2020-10-15 18:35:26.180 INFO org.springframework.web.servlet.mvc.method.annotation.RequestMappingHandlerAdapter - Looking for @ControllerAdvice: org.springframework.web.context.support.GenericWebApplicationContext@5b1669c0: startup date [Thu Oct 15 18:35:24 ICT 2020]; root of context hierarchy
2020-10-15 18:35:26.228 INFO org.springframework.web.servlet.mvc.method.annotation.RequestMappingHandlerMapping - Mapped "{[/info],methods=[POST]}" onto public java.lang.String com.yunmu.uof.controller.TicketController.info()
2020-10-15 18:35:26.229 INFO org.springframework.web.servlet.mvc.method.annotation.RequestMappingHandlerMapping - Mapped "{[/warn],methods=[POST]}" onto public java.lang.String com.yunmu.uof.controller.TicketController.warn()
2020-10-15 18:35:26.230 INFO org.springframework.web.servlet.mvc.method.annotation.RequestMappingHandlerMapping - Mapped "{[/mts-gateway/v1/send/ticket],methods=[POST]}" onto public com.yunmu.uof.dto.SendTicketResponse com.yunmu.uof.controller.TicketController.sendTicket(com.yunmu.uof.dto.SendTicketRequest)
2020-10-15 18:35:26.230 INFO org.springframework.web.servlet.mvc.method.annotation.RequestMappingHandlerMapping - Mapped "{[/mts-gateway/v1/cancel/ticket],methods=[POST]}" onto public com.yunmu.uof.dto.CancelTicketResponse com.yunmu.uof.controller.TicketController.cancelTicket(com.yunmu.uof.dto.CancelTicketRequest)
2020-10-15 18:35:26.230 INFO org.springframework.web.servlet.mvc.method.annotation.RequestMappingHandlerMapping - Mapped "{[/error1],methods=[POST]}" onto public java.lang.String com.yunmu.uof.controller.TicketController.ffgsssss()
2020-10-15 18:35:26.230 INFO org.springframework.web.servlet.mvc.method.annotation.RequestMappingHandlerMapping - Mapped "{[/aa],methods=[POST]}" onto public int com.yunmu.uof.controller.TicketController.aa()
2020-10-15 18:35:26.232 INFO org.springframework.web.servlet.mvc.method.annotation.RequestMappingHandlerMapping - Mapped "{[/error]}" onto public org.springframework.http.ResponseEntity<java.util.Map<java.lang.String, java.lang.Object>> org.springframework.boot.autoconfigure.web.servlet.error.BasicErrorController.error(javax.servlet.http.HttpServletRequest)
2020-10-15 18:35:26.233 INFO org.springframework.web.servlet.mvc.method.annotation.RequestMappingHandlerMapping - Mapped "{[/error],produces=[text/html]}" onto public org.springframework.web.servlet.ModelAndView org.springframework.boot.autoconfigure.web.servlet.error.BasicErrorController.errorHtml(javax.servlet.http.HttpServletRequest,javax.servlet.http.HttpServletResponse)
2020-10-15 18:35:26.248 INFO org.springframework.web.servlet.handler.SimpleUrlHandlerMapping - Mapped URL path [/webjars/**] onto handler of type [class org.springframework.web.servlet.resource.ResourceHttpRequestHandler]
2020-10-15 18:35:26.248 INFO org.springframework.web.servlet.handler.SimpleUrlHandlerMapping - Mapped URL path [/**] onto handler of type [class org.springframework.web.servlet.resource.ResourceHttpRequestHandler]
2020-10-15 18:35:26.471 INFO org.springframework.context.support.DefaultLifecycleProcessor - Starting beans in phase 2147483647
2020-10-15 18:35:26.476 INFO com.yunmu.uof.test.SoccerMatchTest - Started SoccerMatchTest in 2.682 seconds (JVM running for 3.462)
2020-10-15 18:35:26.564 INFO org.springframework.web.context.support.GenericWebApplicationContext - Closing org.springframework.web.context.support.GenericWebApplicationContext@5b1669c0: startup date [Thu Oct 15 18:35:24 ICT 2020]; root of context hierarchy
2020-10-15 18:35:50.663 INFO com.yunmu.uof.test.SoccerMatchTest - Starting SoccerMatchTest on 云木 with PID 8428 (started by Administrator in D:\UOF\test)
2020-10-15 18:35:50.665 INFO com.yunmu.uof.test.SoccerMatchTest - No active profile set, falling back to default profiles: default
2020-10-15 18:35:50.700 INFO org.springframework.web.context.support.GenericWebApplicationContext - Refreshing org.springframework.web.context.support.GenericWebApplicationContext@5b1669c0: startup date [Thu Oct 15 18:35:50 ICT 2020]; root of context hierarchy
2020-10-15 18:35:51.476 INFO org.springframework.beans.factory.annotation.AutowiredAnnotationBeanPostProcessor - JSR-330 'javax.inject.Inject' annotation found and supported for autowiring
2020-10-15 18:35:51.510 INFO org.springframework.context.support.PostProcessorRegistrationDelegate$BeanPostProcessorChecker - Bean 'org.springframework.amqp.rabbit.annotation.RabbitBootstrapConfiguration' of type [org.springframework.amqp.rabbit.annotation.RabbitBootstrapConfiguration$$EnhancerBySpringCGLIB$$9f81e616] is not eligible for getting processed by all BeanPostProcessors (for example: not eligible for auto-proxying)
2020-10-15 18:35:51.960 INFO org.mongodb.driver.cluster - Cluster created with settings {hosts=[192.168.10.3:27017], mode=SINGLE, requiredClusterType=UNKNOWN, serverSelectionTimeout='30000 ms', maxWaitQueueSize=500}
2020-10-15 18:35:52.047 INFO org.mongodb.driver.connection - Opened connection [connectionId{localValue:1, serverValue:355}] to 192.168.10.3:27017
2020-10-15 18:35:52.052 INFO org.mongodb.driver.cluster - Monitor thread successfully connected to server with description ServerDescription{address=192.168.10.3:27017, type=STANDALONE, state=CONNECTED, ok=true, version=ServerVersion{versionList=[4, 0, 20]}, minWireVersion=0, maxWireVersion=7, maxDocumentSize=16777216, logicalSessionTimeoutMinutes=30, roundTripTimeNanos=3308800}
2020-10-15 18:35:52.435 INFO org.springframework.web.servlet.handler.SimpleUrlHandlerMapping - Mapped URL path [/**/favicon.ico] onto handler of type [class org.springframework.web.servlet.resource.ResourceHttpRequestHandler]
2020-10-15 18:35:52.694 INFO org.springframework.web.servlet.mvc.method.annotation.RequestMappingHandlerAdapter - Looking for @ControllerAdvice: org.springframework.web.context.support.GenericWebApplicationContext@5b1669c0: startup date [Thu Oct 15 18:35:50 ICT 2020]; root of context hierarchy
2020-10-15 18:35:52.748 INFO org.springframework.web.servlet.mvc.method.annotation.RequestMappingHandlerMapping - Mapped "{[/info],methods=[POST]}" onto public java.lang.String com.yunmu.uof.controller.TicketController.info()
2020-10-15 18:35:52.750 INFO org.springframework.web.servlet.mvc.method.annotation.RequestMappingHandlerMapping - Mapped "{[/warn],methods=[POST]}" onto public java.lang.String com.yunmu.uof.controller.TicketController.warn()
2020-10-15 18:35:52.750 INFO org.springframework.web.servlet.mvc.method.annotation.RequestMappingHandlerMapping - Mapped "{[/mts-gateway/v1/send/ticket],methods=[POST]}" onto public com.yunmu.uof.dto.SendTicketResponse com.yunmu.uof.controller.TicketController.sendTicket(com.yunmu.uof.dto.SendTicketRequest)
2020-10-15 18:35:52.750 INFO org.springframework.web.servlet.mvc.method.annotation.RequestMappingHandlerMapping - Mapped "{[/mts-gateway/v1/cancel/ticket],methods=[POST]}" onto public com.yunmu.uof.dto.CancelTicketResponse com.yunmu.uof.controller.TicketController.cancelTicket(com.yunmu.uof.dto.CancelTicketRequest)
2020-10-15 18:35:52.751 INFO org.springframework.web.servlet.mvc.method.annotation.RequestMappingHandlerMapping - Mapped "{[/aa],methods=[POST]}" onto public int com.yunmu.uof.controller.TicketController.aa()
2020-10-15 18:35:52.751 INFO org.springframework.web.servlet.mvc.method.annotation.RequestMappingHandlerMapping - Mapped "{[/error1],methods=[POST]}" onto public java.lang.String com.yunmu.uof.controller.TicketController.ffgsssss()
2020-10-15 18:35:52.753 INFO org.springframework.web.servlet.mvc.method.annotation.RequestMappingHandlerMapping - Mapped "{[/error]}" onto public org.springframework.http.ResponseEntity<java.util.Map<java.lang.String, java.lang.Object>> org.springframework.boot.autoconfigure.web.servlet.error.BasicErrorController.error(javax.servlet.http.HttpServletRequest)
2020-10-15 18:35:52.753 INFO org.springframework.web.servlet.mvc.method.annotation.RequestMappingHandlerMapping - Mapped "{[/error],produces=[text/html]}" onto public org.springframework.web.servlet.ModelAndView org.springframework.boot.autoconfigure.web.servlet.error.BasicErrorController.errorHtml(javax.servlet.http.HttpServletRequest,javax.servlet.http.HttpServletResponse)
2020-10-15 18:35:52.770 INFO org.springframework.web.servlet.handler.SimpleUrlHandlerMapping - Mapped URL path [/webjars/**] onto handler of type [class org.springframework.web.servlet.resource.ResourceHttpRequestHandler]
2020-10-15 18:35:52.771 INFO org.springframework.web.servlet.handler.SimpleUrlHandlerMapping - Mapped URL path [/**] onto handler of type [class org.springframework.web.servlet.resource.ResourceHttpRequestHandler]
2020-10-15 18:35:52.998 INFO org.springframework.context.support.DefaultLifecycleProcessor - Starting beans in phase 2147483647
2020-10-15 18:35:53.004 INFO com.yunmu.uof.test.SoccerMatchTest - Started SoccerMatchTest in 2.525 seconds (JVM running for 3.193)
2020-10-15 18:35:53.076 INFO org.springframework.web.context.support.GenericWebApplicationContext - Closing org.springframework.web.context.support.GenericWebApplicationContext@5b1669c0: startup date [Thu Oct 15 18:35:50 ICT 2020]; root of context hierarchy
2020-10-15 18:36:34.879 INFO com.yunmu.uof.test.SoccerMatchTest - Starting SoccerMatchTest on 云木 with PID 1636 (started by Administrator in D:\UOF\test)
2020-10-15 18:36:34.881 INFO com.yunmu.uof.test.SoccerMatchTest - No active profile set, falling back to default profiles: default
2020-10-15 18:36:34.916 INFO org.springframework.web.context.support.GenericWebApplicationContext - Refreshing org.springframework.web.context.support.GenericWebApplicationContext@5b1669c0: startup date [Thu Oct 15 18:36:34 ICT 2020]; root of context hierarchy
2020-10-15 18:36:35.682 INFO org.springframework.beans.factory.annotation.AutowiredAnnotationBeanPostProcessor - JSR-330 'javax.inject.Inject' annotation found and supported for autowiring
2020-10-15 18:36:35.715 INFO org.springframework.context.support.PostProcessorRegistrationDelegate$BeanPostProcessorChecker - Bean 'org.springframework.amqp.rabbit.annotation.RabbitBootstrapConfiguration' of type [org.springframework.amqp.rabbit.annotation.RabbitBootstrapConfiguration$$EnhancerBySpringCGLIB$$fae07e9c] is not eligible for getting processed by all BeanPostProcessors (for example: not eligible for auto-proxying)
2020-10-15 18:36:36.168 INFO org.mongodb.driver.cluster - Cluster created with settings {hosts=[192.168.10.3:27017], mode=SINGLE, requiredClusterType=UNKNOWN, serverSelectionTimeout='30000 ms', maxWaitQueueSize=500}
2020-10-15 18:36:36.244 INFO org.mongodb.driver.connection - Opened connection [connectionId{localValue:1, serverValue:356}] to 192.168.10.3:27017
2020-10-15 18:36:36.249 INFO org.mongodb.driver.cluster - Monitor thread successfully connected to server with description ServerDescription{address=192.168.10.3:27017, type=STANDALONE, state=CONNECTED, ok=true, version=ServerVersion{versionList=[4, 0, 20]}, minWireVersion=0, maxWireVersion=7, maxDocumentSize=16777216, logicalSessionTimeoutMinutes=30, roundTripTimeNanos=3994800}
2020-10-15 18:36:36.606 INFO org.springframework.web.servlet.handler.SimpleUrlHandlerMapping - Mapped URL path [/**/favicon.ico] onto handler of type [class org.springframework.web.servlet.resource.ResourceHttpRequestHandler]
2020-10-15 18:36:36.846 INFO org.springframework.web.servlet.mvc.method.annotation.RequestMappingHandlerAdapter - Looking for @ControllerAdvice: org.springframework.web.context.support.GenericWebApplicationContext@5b1669c0: startup date [Thu Oct 15 18:36:34 ICT 2020]; root of context hierarchy
2020-10-15 18:36:36.908 INFO org.springframework.web.servlet.mvc.method.annotation.RequestMappingHandlerMapping - Mapped "{[/info],methods=[POST]}" onto public java.lang.String com.yunmu.uof.controller.TicketController.info()
2020-10-15 18:36:36.909 INFO org.springframework.web.servlet.mvc.method.annotation.RequestMappingHandlerMapping - Mapped "{[/warn],methods=[POST]}" onto public java.lang.String com.yunmu.uof.controller.TicketController.warn()
2020-10-15 18:36:36.910 INFO org.springframework.web.servlet.mvc.method.annotation.RequestMappingHandlerMapping - Mapped "{[/mts-gateway/v1/send/ticket],methods=[POST]}" onto public com.yunmu.uof.dto.SendTicketResponse com.yunmu.uof.controller.TicketController.sendTicket(com.yunmu.uof.dto.SendTicketRequest)
2020-10-15 18:36:36.910 INFO org.springframework.web.servlet.mvc.method.annotation.RequestMappingHandlerMapping - Mapped "{[/mts-gateway/v1/cancel/ticket],methods=[POST]}" onto public com.yunmu.uof.dto.CancelTicketResponse com.yunmu.uof.controller.TicketController.cancelTicket(com.yunmu.uof.dto.CancelTicketRequest)
2020-10-15 18:36:36.910 INFO org.springframework.web.servlet.mvc.method.annotation.RequestMappingHandlerMapping - Mapped "{[/aa],methods=[POST]}" onto public int com.yunmu.uof.controller.TicketController.aa()
2020-10-15 18:36:36.910 INFO org.springframework.web.servlet.mvc.method.annotation.RequestMappingHandlerMapping - Mapped "{[/error1],methods=[POST]}" onto public java.lang.String com.yunmu.uof.controller.TicketController.ffgsssss()
2020-10-15 18:36:36.912 INFO org.springframework.web.servlet.mvc.method.annotation.RequestMappingHandlerMapping - Mapped "{[/error]}" onto public org.springframework.http.ResponseEntity<java.util.Map<java.lang.String, java.lang.Object>> org.springframework.boot.autoconfigure.web.servlet.error.BasicErrorController.error(javax.servlet.http.HttpServletRequest)
2020-10-15 18:36:36.912 INFO org.springframework.web.servlet.mvc.method.annotation.RequestMappingHandlerMapping - Mapped "{[/error],produces=[text/html]}" onto public org.springframework.web.servlet.ModelAndView org.springframework.boot.autoconfigure.web.servlet.error.BasicErrorController.errorHtml(javax.servlet.http.HttpServletRequest,javax.servlet.http.HttpServletResponse)
2020-10-15 18:36:36.929 INFO org.springframework.web.servlet.handler.SimpleUrlHandlerMapping - Mapped URL path [/webjars/**] onto handler of type [class org.springframework.web.servlet.resource.ResourceHttpRequestHandler]
2020-10-15 18:36:36.930 INFO org.springframework.web.servlet.handler.SimpleUrlHandlerMapping - Mapped URL path [/**] onto handler of type [class org.springframework.web.servlet.resource.ResourceHttpRequestHandler]
2020-10-15 18:36:37.144 INFO org.springframework.context.support.DefaultLifecycleProcessor - Starting beans in phase 2147483647
2020-10-15 18:36:37.151 INFO com.yunmu.uof.test.SoccerMatchTest - Started SoccerMatchTest in 2.451 seconds (JVM running for 3.167)
2020-10-15 18:37:09.198 INFO com.yunmu.uof.test.SoccerMatchTest - Starting SoccerMatchTest on 云木 with PID 10068 (started by Administrator in D:\UOF\test)
2020-10-15 18:37:09.200 INFO com.yunmu.uof.test.SoccerMatchTest - No active profile set, falling back to default profiles: default
2020-10-15 18:37:09.233 INFO org.springframework.web.context.support.GenericWebApplicationContext - Refreshing org.springframework.web.context.support.GenericWebApplicationContext@5b1669c0: startup date [Thu Oct 15 18:37:09 ICT 2020]; root of context hierarchy
2020-10-15 18:37:10.298 INFO org.springframework.beans.factory.annotation.AutowiredAnnotationBeanPostProcessor - JSR-330 'javax.inject.Inject' annotation found and supported for autowiring
2020-10-15 18:37:10.336 INFO org.springframework.context.support.PostProcessorRegistrationDelegate$BeanPostProcessorChecker - Bean 'org.springframework.amqp.rabbit.annotation.RabbitBootstrapConfiguration' of type [org.springframework.amqp.rabbit.annotation.RabbitBootstrapConfiguration$$EnhancerBySpringCGLIB$$4a10bd01] is not eligible for getting processed by all BeanPostProcessors (for example: not eligible for auto-proxying)
2020-10-15 18:37:10.775 INFO org.mongodb.driver.cluster - Cluster created with settings {hosts=[192.168.10.3:27017], mode=SINGLE, requiredClusterType=UNKNOWN, serverSelectionTimeout='30000 ms', maxWaitQueueSize=500}
2020-10-15 18:37:10.850 INFO org.mongodb.driver.connection - Opened connection [connectionId{localValue:1, serverValue:357}] to 192.168.10.3:27017
2020-10-15 18:37:10.853 INFO org.mongodb.driver.cluster - Monitor thread successfully connected to server with description ServerDescription{address=192.168.10.3:27017, type=STANDALONE, state=CONNECTED, ok=true, version=ServerVersion{versionList=[4, 0, 20]}, minWireVersion=0, maxWireVersion=7, maxDocumentSize=16777216, logicalSessionTimeoutMinutes=30, roundTripTimeNanos=2181900}
2020-10-15 18:37:11.220 INFO org.springframework.web.servlet.handler.SimpleUrlHandlerMapping - Mapped URL path [/**/favicon.ico] onto handler of type [class org.springframework.web.servlet.resource.ResourceHttpRequestHandler]
2020-10-15 18:37:11.481 INFO org.springframework.web.servlet.mvc.method.annotation.RequestMappingHandlerAdapter - Looking for @ControllerAdvice: org.springframework.web.context.support.GenericWebApplicationContext@5b1669c0: startup date [Thu Oct 15 18:37:09 ICT 2020]; root of context hierarchy
2020-10-15 18:37:11.536 INFO org.springframework.web.servlet.mvc.method.annotation.RequestMappingHandlerMapping - Mapped "{[/info],methods=[POST]}" onto public java.lang.String com.yunmu.uof.controller.TicketController.info()
2020-10-15 18:37:11.537 INFO org.springframework.web.servlet.mvc.method.annotation.RequestMappingHandlerMapping - Mapped "{[/warn],methods=[POST]}" onto public java.lang.String com.yunmu.uof.controller.TicketController.warn()
2020-10-15 18:37:11.537 INFO org.springframework.web.servlet.mvc.method.annotation.RequestMappingHandlerMapping - Mapped "{[/mts-gateway/v1/send/ticket],methods=[POST]}" onto public com.yunmu.uof.dto.SendTicketResponse com.yunmu.uof.controller.TicketController.sendTicket(com.yunmu.uof.dto.SendTicketRequest)
2020-10-15 18:37:11.538 INFO org.springframework.web.servlet.mvc.method.annotation.RequestMappingHandlerMapping - Mapped "{[/mts-gateway/v1/cancel/ticket],methods=[POST]}" onto public com.yunmu.uof.dto.CancelTicketResponse com.yunmu.uof.controller.TicketController.cancelTicket(com.yunmu.uof.dto.CancelTicketRequest)
2020-10-15 18:37:11.538 INFO org.springframework.web.servlet.mvc.method.annotation.RequestMappingHandlerMapping - Mapped "{[/aa],methods=[POST]}" onto public int com.yunmu.uof.controller.TicketController.aa()
2020-10-15 18:37:11.538 INFO org.springframework.web.servlet.mvc.method.annotation.RequestMappingHandlerMapping - Mapped "{[/error1],methods=[POST]}" onto public java.lang.String com.yunmu.uof.controller.TicketController.ffgsssss()
2020-10-15 18:37:11.539 INFO org.springframework.web.servlet.mvc.method.annotation.RequestMappingHandlerMapping - Mapped "{[/error]}" onto public org.springframework.http.ResponseEntity<java.util.Map<java.lang.String, java.lang.Object>> org.springframework.boot.autoconfigure.web.servlet.error.BasicErrorController.error(javax.servlet.http.HttpServletRequest)
2020-10-15 18:37:11.540 INFO org.springframework.web.servlet.mvc.method.annotation.RequestMappingHandlerMapping - Mapped "{[/error],produces=[text/html]}" onto public org.springframework.web.servlet.ModelAndView org.springframework.boot.autoconfigure.web.servlet.error.BasicErrorController.errorHtml(javax.servlet.http.HttpServletRequest,javax.servlet.http.HttpServletResponse)
2020-10-15 18:37:11.555 INFO org.springframework.web.servlet.handler.SimpleUrlHandlerMapping - Mapped URL path [/webjars/**] onto handler of type [class org.springframework.web.servlet.resource.ResourceHttpRequestHandler]
2020-10-15 18:37:11.556 INFO org.springframework.web.servlet.handler.SimpleUrlHandlerMapping - Mapped URL path [/**] onto handler of type [class org.springframework.web.servlet.resource.ResourceHttpRequestHandler]
2020-10-15 18:37:11.762 INFO org.springframework.context.support.DefaultLifecycleProcessor - Starting beans in phase 2147483647
2020-10-15 18:37:11.767 INFO com.yunmu.uof.test.SoccerMatchTest - Started SoccerMatchTest in 2.741 seconds (JVM running for 3.574)
