2020-11-09 13:15:35.922 INFO com.yunmu.uof.DemoApplication - Starting DemoApplication on 云木 with PID 7248 (D:\UOF\test\target\classes started by Administrator in D:\UOF\test)
2020-11-09 13:15:35.925 INFO com.yunmu.uof.DemoApplication - No active profile set, falling back to default profiles: default
2020-11-09 13:15:35.958 INFO org.springframework.boot.web.servlet.context.AnnotationConfigServletWebServerApplicationContext - Refreshing org.springframework.boot.web.servlet.context.AnnotationConfigServletWebServerApplicationContext@59205f2a: startup date [Mon Nov 09 13:15:35 ICT 2020]; root of context hierarchy
2020-11-09 13:15:36.854 INFO org.springframework.beans.factory.annotation.AutowiredAnnotationBeanPostProcessor - JSR-330 'javax.inject.Inject' annotation found and supported for autowiring
2020-11-09 13:15:36.914 INFO org.springframework.context.support.PostProcessorRegistrationDelegate$BeanPostProcessorChecker - Bean 'org.springframework.amqp.rabbit.annotation.RabbitBootstrapConfiguration' of type [org.springframework.amqp.rabbit.annotation.RabbitBootstrapConfiguration$$EnhancerBySpringCGLIB$$3ead9e45] is not eligible for getting processed by all BeanPostProcessors (for example: not eligible for auto-proxying)
2020-11-09 13:15:37.436 INFO org.springframework.boot.web.embedded.tomcat.TomcatWebServer - Tomcat initialized with port(s): 16932 (http)
2020-11-09 13:15:37.445 INFO org.apache.coyote.http11.Http11NioProtocol - Initializing ProtocolHandler ["http-nio-16932"]
2020-11-09 13:15:37.452 INFO org.apache.catalina.core.StandardService - Starting service [Tomcat]
2020-11-09 13:15:37.452 INFO org.apache.catalina.core.StandardEngine - Starting Servlet Engine: Apache Tomcat/8.5.31
2020-11-09 13:15:37.455 INFO org.apache.catalina.core.AprLifecycleListener - The APR based Apache Tomcat Native library which allows optimal performance in production environments was not found on the java.library.path: [D:\Program Files\Java\jdk1.8.0_181\bin;C:\Windows\Sun\Java\bin;C:\Windows\system32;C:\Windows;D:\xftp\;D:\xshell\;C:\Program Files (x86)\Common Files\Oracle\Java\javapath;C:\Windows\system32;C:\Windows;C:\Windows\System32\Wbem;C:\Windows\System32\WindowsPowerShell\v1.0\;C:\Windows\System32\OpenSSH\;D:\Program Files\Java\jdk1.8.0_251\bin;D:\Program Files\apache-maven-3.6.3\bin\;D:\Program Files\Git\cmd;D:\tortoisesvn\bin;D:\rabbitmq\erl-23.0\erts-11.0\bin;C:\Users\Administrator\AppData\Local\Microsoft\WindowsApps;;D:\IntelliJ IDEA 2019.3.3\bin;;.]
2020-11-09 13:15:37.510 INFO org.apache.catalina.core.ContainerBase.[Tomcat].[localhost].[/] - Initializing Spring embedded WebApplicationContext
2020-11-09 13:15:37.510 INFO org.springframework.web.context.ContextLoader - Root WebApplicationContext: initialization completed in 1552 ms
2020-11-09 13:15:37.696 INFO org.springframework.boot.web.servlet.FilterRegistrationBean - Mapping filter: 'characterEncodingFilter' to: [/*]
2020-11-09 13:15:37.697 INFO org.springframework.boot.web.servlet.FilterRegistrationBean - Mapping filter: 'hiddenHttpMethodFilter' to: [/*]
2020-11-09 13:15:37.697 INFO org.springframework.boot.web.servlet.FilterRegistrationBean - Mapping filter: 'httpPutFormContentFilter' to: [/*]
2020-11-09 13:15:37.697 INFO org.springframework.boot.web.servlet.FilterRegistrationBean - Mapping filter: 'requestContextFilter' to: [/*]
2020-11-09 13:15:37.697 INFO org.springframework.boot.web.servlet.FilterRegistrationBean - Mapping filter: 'repeatedlyReadRequestFilter' to urls: [/*]
2020-11-09 13:15:37.697 INFO org.springframework.boot.web.servlet.ServletRegistrationBean - Servlet dispatcherServlet mapped to [/]
2020-11-09 13:15:38.048 INFO org.mongodb.driver.cluster - Cluster created with settings {hosts=[192.168.10.3:27017], mode=SINGLE, requiredClusterType=UNKNOWN, serverSelectionTimeout='30000 ms', maxWaitQueueSize=500}
2020-11-09 13:15:38.141 INFO org.mongodb.driver.connection - Opened connection [connectionId{localValue:1, serverValue:2224}] to 192.168.10.3:27017
2020-11-09 13:15:38.144 INFO org.mongodb.driver.cluster - Monitor thread successfully connected to server with description ServerDescription{address=192.168.10.3:27017, type=STANDALONE, state=CONNECTED, ok=true, version=ServerVersion{versionList=[4, 0, 20]}, minWireVersion=0, maxWireVersion=7, maxDocumentSize=16777216, logicalSessionTimeoutMinutes=30, roundTripTimeNanos=1975900}
2020-11-09 13:15:38.511 INFO org.springframework.web.servlet.handler.SimpleUrlHandlerMapping - Mapped URL path [/**/favicon.ico] onto handler of type [class org.springframework.web.servlet.resource.ResourceHttpRequestHandler]
2020-11-09 13:15:38.870 INFO org.springframework.web.servlet.mvc.method.annotation.RequestMappingHandlerAdapter - Looking for @ControllerAdvice: org.springframework.boot.web.servlet.context.AnnotationConfigServletWebServerApplicationContext@59205f2a: startup date [Mon Nov 09 13:15:35 ICT 2020]; root of context hierarchy
2020-11-09 13:15:38.915 INFO org.springframework.web.servlet.mvc.method.annotation.RequestMappingHandlerMapping - Mapped "{[/info],methods=[POST]}" onto public java.lang.String com.yunmu.uof.controller.TicketController.info()
2020-11-09 13:15:38.915 INFO org.springframework.web.servlet.mvc.method.annotation.RequestMappingHandlerMapping - Mapped "{[/warn],methods=[POST]}" onto public java.lang.String com.yunmu.uof.controller.TicketController.warn()
2020-11-09 13:15:38.917 INFO org.springframework.web.servlet.mvc.method.annotation.RequestMappingHandlerMapping - Mapped "{[/mts-gateway/v1/send/ticket],methods=[POST]}" onto public com.yunmu.uof.dto.SendTicketResponse com.yunmu.uof.controller.TicketController.sendTicket(com.yunmu.uof.dto.SendTicketRequest)
2020-11-09 13:15:38.917 INFO org.springframework.web.servlet.mvc.method.annotation.RequestMappingHandlerMapping - Mapped "{[/mts-gateway/v1/cancel/ticket],methods=[POST]}" onto public com.yunmu.uof.dto.CancelTicketResponse com.yunmu.uof.controller.TicketController.cancelTicket(com.yunmu.uof.dto.CancelTicketRequest)
2020-11-09 13:15:38.917 INFO org.springframework.web.servlet.mvc.method.annotation.RequestMappingHandlerMapping - Mapped "{[/aa],methods=[POST]}" onto public int com.yunmu.uof.controller.TicketController.aa()
2020-11-09 13:15:38.917 INFO org.springframework.web.servlet.mvc.method.annotation.RequestMappingHandlerMapping - Mapped "{[/error1],methods=[POST]}" onto public java.lang.String com.yunmu.uof.controller.TicketController.ffgsssss()
2020-11-09 13:15:38.919 INFO org.springframework.web.servlet.mvc.method.annotation.RequestMappingHandlerMapping - Mapped "{[/error]}" onto public org.springframework.http.ResponseEntity<java.util.Map<java.lang.String, java.lang.Object>> org.springframework.boot.autoconfigure.web.servlet.error.BasicErrorController.error(javax.servlet.http.HttpServletRequest)
2020-11-09 13:15:38.919 INFO org.springframework.web.servlet.mvc.method.annotation.RequestMappingHandlerMapping - Mapped "{[/error],produces=[text/html]}" onto public org.springframework.web.servlet.ModelAndView org.springframework.boot.autoconfigure.web.servlet.error.BasicErrorController.errorHtml(javax.servlet.http.HttpServletRequest,javax.servlet.http.HttpServletResponse)
2020-11-09 13:15:38.950 INFO org.springframework.web.servlet.handler.SimpleUrlHandlerMapping - Mapped URL path [/webjars/**] onto handler of type [class org.springframework.web.servlet.resource.ResourceHttpRequestHandler]
2020-11-09 13:15:38.950 INFO org.springframework.web.servlet.handler.SimpleUrlHandlerMapping - Mapped URL path [/**] onto handler of type [class org.springframework.web.servlet.resource.ResourceHttpRequestHandler]
2020-11-09 13:15:39.405 INFO org.springframework.boot.devtools.autoconfigure.OptionalLiveReloadServer - LiveReload server is running on port 35729
2020-11-09 13:15:39.432 INFO org.springframework.jmx.export.annotation.AnnotationMBeanExporter - Registering beans for JMX exposure on startup
2020-11-09 13:15:39.439 INFO org.springframework.jmx.export.annotation.AnnotationMBeanExporter - Bean with name 'rabbitConnectionFactory' has been autodetected for JMX exposure
2020-11-09 13:15:39.442 INFO org.springframework.jmx.export.annotation.AnnotationMBeanExporter - Located managed bean 'rabbitConnectionFactory': registering with JMX server as MBean [org.springframework.amqp.rabbit.connection:name=rabbitConnectionFactory,type=CachingConnectionFactory]
2020-11-09 13:15:39.464 INFO org.springframework.context.support.DefaultLifecycleProcessor - Starting beans in phase 2147483647
2020-11-09 13:15:39.473 INFO org.apache.coyote.http11.Http11NioProtocol - Starting ProtocolHandler ["http-nio-16932"]
2020-11-09 13:15:39.482 INFO org.apache.tomcat.util.net.NioSelectorPool - Using a shared selector for servlet write/read
2020-11-09 13:15:39.498 INFO org.springframework.boot.web.embedded.tomcat.TomcatWebServer - Tomcat started on port(s): 16932 (http) with context path ''
2020-11-09 13:15:39.501 INFO com.yunmu.uof.DemoApplication - Started DemoApplication in 3.934 seconds (JVM running for 5.021)
2020-11-09 13:16:53.843 INFO org.apache.catalina.core.ContainerBase.[Tomcat].[localhost].[/] - Initializing Spring FrameworkServlet 'dispatcherServlet'
2020-11-09 13:16:53.844 INFO org.springframework.web.servlet.DispatcherServlet - FrameworkServlet 'dispatcherServlet': initialization started
2020-11-09 13:16:53.863 INFO org.springframework.web.servlet.DispatcherServlet - FrameworkServlet 'dispatcherServlet': initialization completed in 19 ms
2020-11-09 13:16:53.891 WARN com.yunmu.uof.controller.TicketController - warn-----------1604902613891
2020-11-09 13:16:53.911 INFO com.yunmu.uof.config.RequestPrint - 
请求地址：http://localhost:16932/warn
请求头：[user-agent=PostmanRuntime/7.26.5, accept=*/*, postman-token=94dc372e-1bc2-45f0-bb87-176e2387ee79, host=localhost:16932, accept-encoding=gzip, deflate, br, connection=keep-alive, content-length=0]
请求时间：2020-11-09 13:16:53.053
花费时间：1ms
请求参数：{}
请求结果：{"result":"success"}
2020-11-09 13:24:01.089 INFO com.yunmu.uof.DemoApplication - Starting DemoApplication on 云木 with PID 6648 (D:\UOF\test\target\classes started by Administrator in D:\UOF\test)
2020-11-09 13:24:01.091 INFO com.yunmu.uof.DemoApplication - No active profile set, falling back to default profiles: default
2020-11-09 13:24:01.120 INFO org.springframework.boot.web.servlet.context.AnnotationConfigServletWebServerApplicationContext - Refreshing org.springframework.boot.web.servlet.context.AnnotationConfigServletWebServerApplicationContext@41dffc8: startup date [Mon Nov 09 13:24:01 ICT 2020]; root of context hierarchy
2020-11-09 13:24:01.923 INFO org.springframework.beans.factory.annotation.AutowiredAnnotationBeanPostProcessor - JSR-330 'javax.inject.Inject' annotation found and supported for autowiring
2020-11-09 13:24:01.968 INFO org.springframework.context.support.PostProcessorRegistrationDelegate$BeanPostProcessorChecker - Bean 'org.springframework.amqp.rabbit.annotation.RabbitBootstrapConfiguration' of type [org.springframework.amqp.rabbit.annotation.RabbitBootstrapConfiguration$$EnhancerBySpringCGLIB$$a638a37f] is not eligible for getting processed by all BeanPostProcessors (for example: not eligible for auto-proxying)
2020-11-09 13:24:02.396 INFO org.springframework.boot.web.embedded.tomcat.TomcatWebServer - Tomcat initialized with port(s): 16932 (http)
2020-11-09 13:24:02.404 INFO org.apache.coyote.http11.Http11NioProtocol - Initializing ProtocolHandler ["http-nio-16932"]
2020-11-09 13:24:02.411 INFO org.apache.catalina.core.StandardService - Starting service [Tomcat]
2020-11-09 13:24:02.411 INFO org.apache.catalina.core.StandardEngine - Starting Servlet Engine: Apache Tomcat/8.5.31
2020-11-09 13:24:02.413 INFO org.apache.catalina.core.AprLifecycleListener - The APR based Apache Tomcat Native library which allows optimal performance in production environments was not found on the java.library.path: [D:\Program Files\Java\jdk1.8.0_181\bin;C:\Windows\Sun\Java\bin;C:\Windows\system32;C:\Windows;D:\xftp\;D:\xshell\;C:\Program Files (x86)\Common Files\Oracle\Java\javapath;C:\Windows\system32;C:\Windows;C:\Windows\System32\Wbem;C:\Windows\System32\WindowsPowerShell\v1.0\;C:\Windows\System32\OpenSSH\;D:\Program Files\Java\jdk1.8.0_251\bin;D:\Program Files\apache-maven-3.6.3\bin\;D:\Program Files\Git\cmd;D:\tortoisesvn\bin;D:\rabbitmq\erl-23.0\erts-11.0\bin;C:\Users\Administrator\AppData\Local\Microsoft\WindowsApps;;D:\IntelliJ IDEA 2019.3.3\bin;;.]
2020-11-09 13:24:02.465 INFO org.apache.catalina.core.ContainerBase.[Tomcat].[localhost].[/] - Initializing Spring embedded WebApplicationContext
2020-11-09 13:24:02.465 INFO org.springframework.web.context.ContextLoader - Root WebApplicationContext: initialization completed in 1345 ms
2020-11-09 13:24:02.653 INFO org.springframework.boot.web.servlet.FilterRegistrationBean - Mapping filter: 'characterEncodingFilter' to: [/*]
2020-11-09 13:24:02.653 INFO org.springframework.boot.web.servlet.FilterRegistrationBean - Mapping filter: 'hiddenHttpMethodFilter' to: [/*]
2020-11-09 13:24:02.653 INFO org.springframework.boot.web.servlet.FilterRegistrationBean - Mapping filter: 'httpPutFormContentFilter' to: [/*]
2020-11-09 13:24:02.653 INFO org.springframework.boot.web.servlet.FilterRegistrationBean - Mapping filter: 'requestContextFilter' to: [/*]
2020-11-09 13:24:02.653 INFO org.springframework.boot.web.servlet.FilterRegistrationBean - Mapping filter: 'repeatedlyReadRequestFilter' to urls: [/*]
2020-11-09 13:24:02.653 INFO org.springframework.boot.web.servlet.ServletRegistrationBean - Servlet dispatcherServlet mapped to [/]
2020-11-09 13:24:02.974 INFO org.mongodb.driver.cluster - Cluster created with settings {hosts=[192.168.10.3:27017], mode=SINGLE, requiredClusterType=UNKNOWN, serverSelectionTimeout='30000 ms', maxWaitQueueSize=500}
2020-11-09 13:24:03.014 INFO org.mongodb.driver.connection - Opened connection [connectionId{localValue:1, serverValue:2225}] to 192.168.10.3:27017
2020-11-09 13:24:03.017 INFO org.mongodb.driver.cluster - Monitor thread successfully connected to server with description ServerDescription{address=192.168.10.3:27017, type=STANDALONE, state=CONNECTED, ok=true, version=ServerVersion{versionList=[4, 0, 20]}, minWireVersion=0, maxWireVersion=7, maxDocumentSize=16777216, logicalSessionTimeoutMinutes=30, roundTripTimeNanos=2504900}
2020-11-09 13:24:03.409 INFO org.springframework.web.servlet.handler.SimpleUrlHandlerMapping - Mapped URL path [/**/favicon.ico] onto handler of type [class org.springframework.web.servlet.resource.ResourceHttpRequestHandler]
2020-11-09 13:24:03.755 INFO org.springframework.web.servlet.mvc.method.annotation.RequestMappingHandlerAdapter - Looking for @ControllerAdvice: org.springframework.boot.web.servlet.context.AnnotationConfigServletWebServerApplicationContext@41dffc8: startup date [Mon Nov 09 13:24:01 ICT 2020]; root of context hierarchy
2020-11-09 13:24:03.804 INFO org.springframework.web.servlet.mvc.method.annotation.RequestMappingHandlerMapping - Mapped "{[/info],methods=[POST]}" onto public java.lang.String com.yunmu.uof.controller.TicketController.info(java.lang.String)
2020-11-09 13:24:03.804 INFO org.springframework.web.servlet.mvc.method.annotation.RequestMappingHandlerMapping - Mapped "{[/warn],methods=[POST]}" onto public java.lang.String com.yunmu.uof.controller.TicketController.warn()
2020-11-09 13:24:03.804 INFO org.springframework.web.servlet.mvc.method.annotation.RequestMappingHandlerMapping - Mapped "{[/mts-gateway/v1/cancel/ticket],methods=[POST]}" onto public com.yunmu.uof.dto.CancelTicketResponse com.yunmu.uof.controller.TicketController.cancelTicket(com.yunmu.uof.dto.CancelTicketRequest)
2020-11-09 13:24:03.805 INFO org.springframework.web.servlet.mvc.method.annotation.RequestMappingHandlerMapping - Mapped "{[/mts-gateway/v1/send/ticket],methods=[POST]}" onto public com.yunmu.uof.dto.SendTicketResponse com.yunmu.uof.controller.TicketController.sendTicket(com.yunmu.uof.dto.SendTicketRequest)
2020-11-09 13:24:03.805 INFO org.springframework.web.servlet.mvc.method.annotation.RequestMappingHandlerMapping - Mapped "{[/error1],methods=[POST]}" onto public java.lang.String com.yunmu.uof.controller.TicketController.ffgsssss()
2020-11-09 13:24:03.805 INFO org.springframework.web.servlet.mvc.method.annotation.RequestMappingHandlerMapping - Mapped "{[/aa],methods=[POST]}" onto public int com.yunmu.uof.controller.TicketController.aa()
2020-11-09 13:24:03.806 INFO org.springframework.web.servlet.mvc.method.annotation.RequestMappingHandlerMapping - Mapped "{[/error]}" onto public org.springframework.http.ResponseEntity<java.util.Map<java.lang.String, java.lang.Object>> org.springframework.boot.autoconfigure.web.servlet.error.BasicErrorController.error(javax.servlet.http.HttpServletRequest)
2020-11-09 13:24:03.807 INFO org.springframework.web.servlet.mvc.method.annotation.RequestMappingHandlerMapping - Mapped "{[/error],produces=[text/html]}" onto public org.springframework.web.servlet.ModelAndView org.springframework.boot.autoconfigure.web.servlet.error.BasicErrorController.errorHtml(javax.servlet.http.HttpServletRequest,javax.servlet.http.HttpServletResponse)
2020-11-09 13:24:03.839 INFO org.springframework.web.servlet.handler.SimpleUrlHandlerMapping - Mapped URL path [/webjars/**] onto handler of type [class org.springframework.web.servlet.resource.ResourceHttpRequestHandler]
2020-11-09 13:24:03.839 INFO org.springframework.web.servlet.handler.SimpleUrlHandlerMapping - Mapped URL path [/**] onto handler of type [class org.springframework.web.servlet.resource.ResourceHttpRequestHandler]
2020-11-09 13:24:04.241 INFO org.springframework.boot.devtools.autoconfigure.OptionalLiveReloadServer - LiveReload server is running on port 35729
2020-11-09 13:24:04.262 INFO org.springframework.jmx.export.annotation.AnnotationMBeanExporter - Registering beans for JMX exposure on startup
2020-11-09 13:24:04.267 INFO org.springframework.jmx.export.annotation.AnnotationMBeanExporter - Bean with name 'rabbitConnectionFactory' has been autodetected for JMX exposure
2020-11-09 13:24:04.269 INFO org.springframework.jmx.export.annotation.AnnotationMBeanExporter - Located managed bean 'rabbitConnectionFactory': registering with JMX server as MBean [org.springframework.amqp.rabbit.connection:name=rabbitConnectionFactory,type=CachingConnectionFactory]
2020-11-09 13:24:04.283 INFO org.springframework.context.support.DefaultLifecycleProcessor - Starting beans in phase 2147483647
2020-11-09 13:24:04.288 INFO org.apache.coyote.http11.Http11NioProtocol - Starting ProtocolHandler ["http-nio-16932"]
2020-11-09 13:24:04.293 INFO org.apache.tomcat.util.net.NioSelectorPool - Using a shared selector for servlet write/read
2020-11-09 13:24:04.303 INFO org.springframework.boot.web.embedded.tomcat.TomcatWebServer - Tomcat started on port(s): 16932 (http) with context path ''
2020-11-09 13:24:04.306 INFO com.yunmu.uof.DemoApplication - Started DemoApplication in 3.586 seconds (JVM running for 4.18)
2020-11-09 13:24:10.569 INFO org.apache.catalina.core.ContainerBase.[Tomcat].[localhost].[/] - Initializing Spring FrameworkServlet 'dispatcherServlet'
2020-11-09 13:24:10.569 INFO org.springframework.web.servlet.DispatcherServlet - FrameworkServlet 'dispatcherServlet': initialization started
2020-11-09 13:24:10.587 INFO org.springframework.web.servlet.DispatcherServlet - FrameworkServlet 'dispatcherServlet': initialization completed in 18 ms
2020-11-09 13:24:10.620 INFO com.yunmu.uof.controller.TicketController - info-----------1604903050620
2020-11-09 13:24:10.639 INFO com.yunmu.uof.config.RequestPrint - 
请求地址：http://localhost:16932/info
请求头：[user-agent=PostmanRuntime/7.26.5, accept=*/*, postman-token=9e0838dc-9fa5-4425-bca6-bef02abbc1a8, host=localhost:16932, accept-encoding=gzip, deflate, br, connection=keep-alive, content-length=0]
请求时间：2020-11-09 13:24:10.010
花费时间：2ms
请求参数：{"ss":["123"]}
请求结果：{"result":"success"}
2020-11-09 13:35:53.263 INFO com.yunmu.uof.DemoApplication - Starting DemoApplication on 云木 with PID 9624 (D:\UOF\test\target\classes started by Administrator in D:\UOF\test)
2020-11-09 13:35:53.266 INFO com.yunmu.uof.DemoApplication - No active profile set, falling back to default profiles: default
2020-11-09 13:35:53.298 INFO org.springframework.boot.web.servlet.context.AnnotationConfigServletWebServerApplicationContext - Refreshing org.springframework.boot.web.servlet.context.AnnotationConfigServletWebServerApplicationContext@a7c9a67: startup date [Mon Nov 09 13:35:53 ICT 2020]; root of context hierarchy
2020-11-09 13:35:54.093 INFO org.springframework.beans.factory.annotation.AutowiredAnnotationBeanPostProcessor - JSR-330 'javax.inject.Inject' annotation found and supported for autowiring
2020-11-09 13:35:54.133 INFO org.springframework.context.support.PostProcessorRegistrationDelegate$BeanPostProcessorChecker - Bean 'org.springframework.amqp.rabbit.annotation.RabbitBootstrapConfiguration' of type [org.springframework.amqp.rabbit.annotation.RabbitBootstrapConfiguration$$EnhancerBySpringCGLIB$$7a1a0e7] is not eligible for getting processed by all BeanPostProcessors (for example: not eligible for auto-proxying)
2020-11-09 13:35:54.508 INFO org.springframework.boot.web.embedded.tomcat.TomcatWebServer - Tomcat initialized with port(s): 16932 (http)
2020-11-09 13:35:54.516 INFO org.apache.coyote.http11.Http11NioProtocol - Initializing ProtocolHandler ["http-nio-16932"]
2020-11-09 13:35:54.522 INFO org.apache.catalina.core.StandardService - Starting service [Tomcat]
2020-11-09 13:35:54.522 INFO org.apache.catalina.core.StandardEngine - Starting Servlet Engine: Apache Tomcat/8.5.31
2020-11-09 13:35:54.525 INFO org.apache.catalina.core.AprLifecycleListener - The APR based Apache Tomcat Native library which allows optimal performance in production environments was not found on the java.library.path: [D:\Program Files\Java\jdk1.8.0_181\bin;C:\Windows\Sun\Java\bin;C:\Windows\system32;C:\Windows;D:\xftp\;D:\xshell\;C:\Program Files (x86)\Common Files\Oracle\Java\javapath;C:\Windows\system32;C:\Windows;C:\Windows\System32\Wbem;C:\Windows\System32\WindowsPowerShell\v1.0\;C:\Windows\System32\OpenSSH\;D:\Program Files\Java\jdk1.8.0_251\bin;D:\Program Files\apache-maven-3.6.3\bin\;D:\Program Files\Git\cmd;D:\tortoisesvn\bin;D:\rabbitmq\erl-23.0\erts-11.0\bin;C:\Users\Administrator\AppData\Local\Microsoft\WindowsApps;;D:\IntelliJ IDEA 2019.3.3\bin;;.]
2020-11-09 13:35:54.575 INFO org.apache.catalina.core.ContainerBase.[Tomcat].[localhost].[/] - Initializing Spring embedded WebApplicationContext
2020-11-09 13:35:54.576 INFO org.springframework.web.context.ContextLoader - Root WebApplicationContext: initialization completed in 1278 ms
2020-11-09 13:35:54.748 INFO org.springframework.boot.web.servlet.FilterRegistrationBean - Mapping filter: 'characterEncodingFilter' to: [/*]
2020-11-09 13:35:54.748 INFO org.springframework.boot.web.servlet.FilterRegistrationBean - Mapping filter: 'hiddenHttpMethodFilter' to: [/*]
2020-11-09 13:35:54.748 INFO org.springframework.boot.web.servlet.FilterRegistrationBean - Mapping filter: 'httpPutFormContentFilter' to: [/*]
2020-11-09 13:35:54.748 INFO org.springframework.boot.web.servlet.FilterRegistrationBean - Mapping filter: 'requestContextFilter' to: [/*]
2020-11-09 13:35:54.749 INFO org.springframework.boot.web.servlet.FilterRegistrationBean - Mapping filter: 'repeatedlyReadRequestFilter' to urls: [/*]
2020-11-09 13:35:54.749 INFO org.springframework.boot.web.servlet.ServletRegistrationBean - Servlet dispatcherServlet mapped to [/]
2020-11-09 13:35:55.062 INFO org.mongodb.driver.cluster - Cluster created with settings {hosts=[192.168.10.3:27017], mode=SINGLE, requiredClusterType=UNKNOWN, serverSelectionTimeout='30000 ms', maxWaitQueueSize=500}
2020-11-09 13:35:55.142 INFO org.mongodb.driver.connection - Opened connection [connectionId{localValue:1, serverValue:2266}] to 192.168.10.3:27017
2020-11-09 13:35:55.145 INFO org.mongodb.driver.cluster - Monitor thread successfully connected to server with description ServerDescription{address=192.168.10.3:27017, type=STANDALONE, state=CONNECTED, ok=true, version=ServerVersion{versionList=[4, 0, 20]}, minWireVersion=0, maxWireVersion=7, maxDocumentSize=16777216, logicalSessionTimeoutMinutes=30, roundTripTimeNanos=2128100}
2020-11-09 13:35:55.486 INFO org.springframework.web.servlet.handler.SimpleUrlHandlerMapping - Mapped URL path [/**/favicon.ico] onto handler of type [class org.springframework.web.servlet.resource.ResourceHttpRequestHandler]
2020-11-09 13:35:55.824 INFO org.springframework.web.servlet.mvc.method.annotation.RequestMappingHandlerAdapter - Looking for @ControllerAdvice: org.springframework.boot.web.servlet.context.AnnotationConfigServletWebServerApplicationContext@a7c9a67: startup date [Mon Nov 09 13:35:53 ICT 2020]; root of context hierarchy
2020-11-09 13:35:55.868 INFO org.springframework.web.servlet.mvc.method.annotation.RequestMappingHandlerMapping - Mapped "{[/info],methods=[POST]}" onto public java.lang.String com.yunmu.uof.controller.TicketController.info(java.lang.String)
2020-11-09 13:35:55.868 INFO org.springframework.web.servlet.mvc.method.annotation.RequestMappingHandlerMapping - Mapped "{[/warn],methods=[POST]}" onto public java.lang.String com.yunmu.uof.controller.TicketController.warn()
2020-11-09 13:35:55.869 INFO org.springframework.web.servlet.mvc.method.annotation.RequestMappingHandlerMapping - Mapped "{[/mts-gateway/v1/send/ticket],methods=[POST]}" onto public com.yunmu.uof.dto.SendTicketResponse com.yunmu.uof.controller.TicketController.sendTicket(com.yunmu.uof.dto.SendTicketRequest)
2020-11-09 13:35:55.869 INFO org.springframework.web.servlet.mvc.method.annotation.RequestMappingHandlerMapping - Mapped "{[/mts-gateway/v1/cancel/ticket],methods=[POST]}" onto public com.yunmu.uof.dto.CancelTicketResponse com.yunmu.uof.controller.TicketController.cancelTicket(com.yunmu.uof.dto.CancelTicketRequest)
2020-11-09 13:35:55.869 INFO org.springframework.web.servlet.mvc.method.annotation.RequestMappingHandlerMapping - Mapped "{[/error1],methods=[POST]}" onto public java.lang.String com.yunmu.uof.controller.TicketController.ffgsssss()
2020-11-09 13:35:55.869 INFO org.springframework.web.servlet.mvc.method.annotation.RequestMappingHandlerMapping - Mapped "{[/aa],methods=[POST]}" onto public int com.yunmu.uof.controller.TicketController.aa()
2020-11-09 13:35:55.871 INFO org.springframework.web.servlet.mvc.method.annotation.RequestMappingHandlerMapping - Mapped "{[/error]}" onto public org.springframework.http.ResponseEntity<java.util.Map<java.lang.String, java.lang.Object>> org.springframework.boot.autoconfigure.web.servlet.error.BasicErrorController.error(javax.servlet.http.HttpServletRequest)
2020-11-09 13:35:55.871 INFO org.springframework.web.servlet.mvc.method.annotation.RequestMappingHandlerMapping - Mapped "{[/error],produces=[text/html]}" onto public org.springframework.web.servlet.ModelAndView org.springframework.boot.autoconfigure.web.servlet.error.BasicErrorController.errorHtml(javax.servlet.http.HttpServletRequest,javax.servlet.http.HttpServletResponse)
2020-11-09 13:35:55.903 INFO org.springframework.web.servlet.handler.SimpleUrlHandlerMapping - Mapped URL path [/webjars/**] onto handler of type [class org.springframework.web.servlet.resource.ResourceHttpRequestHandler]
2020-11-09 13:35:55.903 INFO org.springframework.web.servlet.handler.SimpleUrlHandlerMapping - Mapped URL path [/**] onto handler of type [class org.springframework.web.servlet.resource.ResourceHttpRequestHandler]
2020-11-09 13:35:56.308 INFO org.springframework.boot.devtools.autoconfigure.OptionalLiveReloadServer - LiveReload server is running on port 35729
2020-11-09 13:35:56.331 INFO org.springframework.jmx.export.annotation.AnnotationMBeanExporter - Registering beans for JMX exposure on startup
2020-11-09 13:35:56.336 INFO org.springframework.jmx.export.annotation.AnnotationMBeanExporter - Bean with name 'rabbitConnectionFactory' has been autodetected for JMX exposure
2020-11-09 13:35:56.339 INFO org.springframework.jmx.export.annotation.AnnotationMBeanExporter - Located managed bean 'rabbitConnectionFactory': registering with JMX server as MBean [org.springframework.amqp.rabbit.connection:name=rabbitConnectionFactory,type=CachingConnectionFactory]
2020-11-09 13:35:56.354 INFO org.springframework.context.support.DefaultLifecycleProcessor - Starting beans in phase 2147483647
2020-11-09 13:35:56.359 INFO org.apache.coyote.http11.Http11NioProtocol - Starting ProtocolHandler ["http-nio-16932"]
2020-11-09 13:35:56.366 INFO org.apache.tomcat.util.net.NioSelectorPool - Using a shared selector for servlet write/read
2020-11-09 13:35:56.377 INFO org.springframework.boot.web.embedded.tomcat.TomcatWebServer - Tomcat started on port(s): 16932 (http) with context path ''
2020-11-09 13:35:56.380 INFO com.yunmu.uof.DemoApplication - Started DemoApplication in 3.449 seconds (JVM running for 4.048)
2020-11-09 13:35:59.810 INFO org.apache.catalina.core.ContainerBase.[Tomcat].[localhost].[/] - Initializing Spring FrameworkServlet 'dispatcherServlet'
2020-11-09 13:35:59.810 INFO org.springframework.web.servlet.DispatcherServlet - FrameworkServlet 'dispatcherServlet': initialization started
2020-11-09 13:35:59.827 INFO org.springframework.web.servlet.DispatcherServlet - FrameworkServlet 'dispatcherServlet': initialization completed in 17 ms
2020-11-09 13:35:59.858 INFO com.yunmu.uof.controller.TicketController - info-----------1604903759858
2020-11-09 13:35:59.876 INFO com.yunmu.uof.config.RequestPrint - 请求地址：http://localhost:16932/info
请求头：[user-agent=PostmanRuntime/7.26.5, accept=*/*, postman-token=dd268b73-c09c-440a-9a16-4f19d9cffd25, host=localhost:16932, accept-encoding=gzip, deflate, br, connection=keep-alive, content-length=0]
请求时间：2020-11-09 13:35:59.059
花费时间：2ms
请求参数：{"ss":["123"]}
请求结果：{"result":"success"}
2020-11-09 13:36:44.493 INFO com.yunmu.uof.DemoApplication - Starting DemoApplication on 云木 with PID 2116 (D:\UOF\test\target\classes started by Administrator in D:\UOF\test)
2020-11-09 13:36:44.495 INFO com.yunmu.uof.DemoApplication - No active profile set, falling back to default profiles: default
2020-11-09 13:36:44.527 INFO org.springframework.boot.web.servlet.context.AnnotationConfigServletWebServerApplicationContext - Refreshing org.springframework.boot.web.servlet.context.AnnotationConfigServletWebServerApplicationContext@1828eb69: startup date [Mon Nov 09 13:36:44 ICT 2020]; root of context hierarchy
2020-11-09 13:36:45.303 INFO org.springframework.beans.factory.annotation.AutowiredAnnotationBeanPostProcessor - JSR-330 'javax.inject.Inject' annotation found and supported for autowiring
2020-11-09 13:36:45.344 INFO org.springframework.context.support.PostProcessorRegistrationDelegate$BeanPostProcessorChecker - Bean 'org.springframework.amqp.rabbit.annotation.RabbitBootstrapConfiguration' of type [org.springframework.amqp.rabbit.annotation.RabbitBootstrapConfiguration$$EnhancerBySpringCGLIB$$10e3798c] is not eligible for getting processed by all BeanPostProcessors (for example: not eligible for auto-proxying)
2020-11-09 13:36:45.713 INFO org.springframework.boot.web.embedded.tomcat.TomcatWebServer - Tomcat initialized with port(s): 16932 (http)
2020-11-09 13:36:45.720 INFO org.apache.coyote.http11.Http11NioProtocol - Initializing ProtocolHandler ["http-nio-16932"]
2020-11-09 13:36:45.726 INFO org.apache.catalina.core.StandardService - Starting service [Tomcat]
2020-11-09 13:36:45.726 INFO org.apache.catalina.core.StandardEngine - Starting Servlet Engine: Apache Tomcat/8.5.31
2020-11-09 13:36:45.729 INFO org.apache.catalina.core.AprLifecycleListener - The APR based Apache Tomcat Native library which allows optimal performance in production environments was not found on the java.library.path: [D:\Program Files\Java\jdk1.8.0_181\bin;C:\Windows\Sun\Java\bin;C:\Windows\system32;C:\Windows;D:\xftp\;D:\xshell\;C:\Program Files (x86)\Common Files\Oracle\Java\javapath;C:\Windows\system32;C:\Windows;C:\Windows\System32\Wbem;C:\Windows\System32\WindowsPowerShell\v1.0\;C:\Windows\System32\OpenSSH\;D:\Program Files\Java\jdk1.8.0_251\bin;D:\Program Files\apache-maven-3.6.3\bin\;D:\Program Files\Git\cmd;D:\tortoisesvn\bin;D:\rabbitmq\erl-23.0\erts-11.0\bin;C:\Users\Administrator\AppData\Local\Microsoft\WindowsApps;;D:\IntelliJ IDEA 2019.3.3\bin;;.]
2020-11-09 13:36:45.778 INFO org.apache.catalina.core.ContainerBase.[Tomcat].[localhost].[/] - Initializing Spring embedded WebApplicationContext
2020-11-09 13:36:45.779 INFO org.springframework.web.context.ContextLoader - Root WebApplicationContext: initialization completed in 1252 ms
2020-11-09 13:36:45.946 INFO org.springframework.boot.web.servlet.FilterRegistrationBean - Mapping filter: 'characterEncodingFilter' to: [/*]
2020-11-09 13:36:45.946 INFO org.springframework.boot.web.servlet.FilterRegistrationBean - Mapping filter: 'hiddenHttpMethodFilter' to: [/*]
2020-11-09 13:36:45.946 INFO org.springframework.boot.web.servlet.FilterRegistrationBean - Mapping filter: 'httpPutFormContentFilter' to: [/*]
2020-11-09 13:36:45.946 INFO org.springframework.boot.web.servlet.FilterRegistrationBean - Mapping filter: 'requestContextFilter' to: [/*]
2020-11-09 13:36:45.947 INFO org.springframework.boot.web.servlet.FilterRegistrationBean - Mapping filter: 'repeatedlyReadRequestFilter' to urls: [/*]
2020-11-09 13:36:45.947 INFO org.springframework.boot.web.servlet.ServletRegistrationBean - Servlet dispatcherServlet mapped to [/]
2020-11-09 13:36:46.253 INFO org.mongodb.driver.cluster - Cluster created with settings {hosts=[192.168.10.3:27017], mode=SINGLE, requiredClusterType=UNKNOWN, serverSelectionTimeout='30000 ms', maxWaitQueueSize=500}
2020-11-09 13:36:46.290 INFO org.mongodb.driver.connection - Opened connection [connectionId{localValue:1, serverValue:2274}] to 192.168.10.3:27017
2020-11-09 13:36:46.293 INFO org.mongodb.driver.cluster - Monitor thread successfully connected to server with description ServerDescription{address=192.168.10.3:27017, type=STANDALONE, state=CONNECTED, ok=true, version=ServerVersion{versionList=[4, 0, 20]}, minWireVersion=0, maxWireVersion=7, maxDocumentSize=16777216, logicalSessionTimeoutMinutes=30, roundTripTimeNanos=1977000}
2020-11-09 13:36:46.670 INFO org.springframework.web.servlet.handler.SimpleUrlHandlerMapping - Mapped URL path [/**/favicon.ico] onto handler of type [class org.springframework.web.servlet.resource.ResourceHttpRequestHandler]
2020-11-09 13:36:47.008 INFO org.springframework.web.servlet.mvc.method.annotation.RequestMappingHandlerAdapter - Looking for @ControllerAdvice: org.springframework.boot.web.servlet.context.AnnotationConfigServletWebServerApplicationContext@1828eb69: startup date [Mon Nov 09 13:36:44 ICT 2020]; root of context hierarchy
2020-11-09 13:36:47.050 INFO org.springframework.web.servlet.mvc.method.annotation.RequestMappingHandlerMapping - Mapped "{[/info],methods=[POST]}" onto public java.lang.String com.yunmu.uof.controller.TicketController.info(java.lang.String)
2020-11-09 13:36:47.051 INFO org.springframework.web.servlet.mvc.method.annotation.RequestMappingHandlerMapping - Mapped "{[/warn],methods=[POST]}" onto public java.lang.String com.yunmu.uof.controller.TicketController.warn()
2020-11-09 13:36:47.051 INFO org.springframework.web.servlet.mvc.method.annotation.RequestMappingHandlerMapping - Mapped "{[/mts-gateway/v1/cancel/ticket],methods=[POST]}" onto public com.yunmu.uof.dto.CancelTicketResponse com.yunmu.uof.controller.TicketController.cancelTicket(com.yunmu.uof.dto.CancelTicketRequest)
2020-11-09 13:36:47.051 INFO org.springframework.web.servlet.mvc.method.annotation.RequestMappingHandlerMapping - Mapped "{[/mts-gateway/v1/send/ticket],methods=[POST]}" onto public com.yunmu.uof.dto.SendTicketResponse com.yunmu.uof.controller.TicketController.sendTicket(com.yunmu.uof.dto.SendTicketRequest)
2020-11-09 13:36:47.051 INFO org.springframework.web.servlet.mvc.method.annotation.RequestMappingHandlerMapping - Mapped "{[/error1],methods=[POST]}" onto public java.lang.String com.yunmu.uof.controller.TicketController.ffgsssss()
2020-11-09 13:36:47.051 INFO org.springframework.web.servlet.mvc.method.annotation.RequestMappingHandlerMapping - Mapped "{[/aa],methods=[POST]}" onto public int com.yunmu.uof.controller.TicketController.aa()
2020-11-09 13:36:47.053 INFO org.springframework.web.servlet.mvc.method.annotation.RequestMappingHandlerMapping - Mapped "{[/error]}" onto public org.springframework.http.ResponseEntity<java.util.Map<java.lang.String, java.lang.Object>> org.springframework.boot.autoconfigure.web.servlet.error.BasicErrorController.error(javax.servlet.http.HttpServletRequest)
2020-11-09 13:36:47.053 INFO org.springframework.web.servlet.mvc.method.annotation.RequestMappingHandlerMapping - Mapped "{[/error],produces=[text/html]}" onto public org.springframework.web.servlet.ModelAndView org.springframework.boot.autoconfigure.web.servlet.error.BasicErrorController.errorHtml(javax.servlet.http.HttpServletRequest,javax.servlet.http.HttpServletResponse)
2020-11-09 13:36:47.086 INFO org.springframework.web.servlet.handler.SimpleUrlHandlerMapping - Mapped URL path [/webjars/**] onto handler of type [class org.springframework.web.servlet.resource.ResourceHttpRequestHandler]
2020-11-09 13:36:47.086 INFO org.springframework.web.servlet.handler.SimpleUrlHandlerMapping - Mapped URL path [/**] onto handler of type [class org.springframework.web.servlet.resource.ResourceHttpRequestHandler]
2020-11-09 13:36:47.478 INFO org.springframework.boot.devtools.autoconfigure.OptionalLiveReloadServer - LiveReload server is running on port 35729
2020-11-09 13:36:47.499 INFO org.springframework.jmx.export.annotation.AnnotationMBeanExporter - Registering beans for JMX exposure on startup
2020-11-09 13:36:47.504 INFO org.springframework.jmx.export.annotation.AnnotationMBeanExporter - Bean with name 'rabbitConnectionFactory' has been autodetected for JMX exposure
2020-11-09 13:36:47.506 INFO org.springframework.jmx.export.annotation.AnnotationMBeanExporter - Located managed bean 'rabbitConnectionFactory': registering with JMX server as MBean [org.springframework.amqp.rabbit.connection:name=rabbitConnectionFactory,type=CachingConnectionFactory]
2020-11-09 13:36:47.520 INFO org.springframework.context.support.DefaultLifecycleProcessor - Starting beans in phase 2147483647
2020-11-09 13:36:47.525 INFO org.apache.coyote.http11.Http11NioProtocol - Starting ProtocolHandler ["http-nio-16932"]
2020-11-09 13:36:47.531 INFO org.apache.tomcat.util.net.NioSelectorPool - Using a shared selector for servlet write/read
2020-11-09 13:36:47.541 INFO org.springframework.boot.web.embedded.tomcat.TomcatWebServer - Tomcat started on port(s): 16932 (http) with context path ''
2020-11-09 13:36:47.544 INFO com.yunmu.uof.DemoApplication - Started DemoApplication in 3.388 seconds (JVM running for 3.959)
2020-11-09 13:36:52.517 INFO org.apache.catalina.core.ContainerBase.[Tomcat].[localhost].[/] - Initializing Spring FrameworkServlet 'dispatcherServlet'
2020-11-09 13:36:52.517 INFO org.springframework.web.servlet.DispatcherServlet - FrameworkServlet 'dispatcherServlet': initialization started
2020-11-09 13:36:52.535 INFO org.springframework.web.servlet.DispatcherServlet - FrameworkServlet 'dispatcherServlet': initialization completed in 18 ms
2020-11-09 13:36:52.567 INFO com.yunmu.uof.controller.TicketController - info-----------1604903812567
2020-11-09 13:36:52.586 INFO com.yunmu.uof.config.RequestPrint - 请求地址：http://localhost:16932/info,请求头：[user-agent=PostmanRuntime/7.26.5, accept=*/*, postman-token=80a1557f-58e1-4f07-b100-b4996be64811, host=localhost:16932, accept-encoding=gzip, deflate, br, connection=keep-alive, content-length=0],请求时间：2020-11-09 13:36:52.052,花费时间：2ms,请求参数：{"ss":["123"]},请求结果：{"result":"success"}
